TN:base
SF:/home/diogo/Documentos/codeflaws2/data/611-B/611-B-bug-15553272-15553530/611-B.c
FN:7,FindMax
FN:20,main
FNDA:0,FindMax
FNDA:0,main
FNF:2
FNH:0
DA:7,0
DA:9,0
DA:12,0
DA:14,0
DA:17,0
DA:20,0
DA:26,0
DA:30,0
DA:31,0
DA:32,0
DA:34,0
DA:36,0
DA:38,0
DA:39,0
DA:42,0
DA:44,0
DA:47,0
DA:49,0
DA:51,0
DA:52,0
DA:54,0
DA:56,0
DA:57,0
DA:59,0
DA:60,0
DA:62,0
DA:64,0
DA:65,0
DA:66,0
DA:67,0
DA:71,0
LF:31
LH:0
end_of_record
SF:/home/diogo/Documentos/codeflaws2/data/611-B/<built-in>
LF:0
LH:0
end_of_record
