TN:base
SF:/home/diogo/Documentos/codeflaws2/data/459-B/<built-in>
LF:0
LH:0
end_of_record
SF:/home/diogo/Documentos/codeflaws2/data/459-B/fix/459-B.c
FN:6,compare
FN:9,bound
FN:31,main
FNDA:0,compare
FNDA:0,bound
FNDA:0,main
FNF:3
FNH:0
DA:6,0
DA:7,0
DA:9,0
DA:11,0
DA:12,0
DA:13,0
DA:14,0
DA:15,0
DA:16,0
DA:17,0
DA:19,0
DA:21,0
DA:22,0
DA:23,0
DA:24,0
DA:25,0
DA:27,0
DA:29,0
DA:31,0
DA:33,0
DA:35,0
DA:36,0
DA:37,0
DA:38,0
DA:39,0
DA:40,0
DA:41,0
DA:42,0
DA:44,0
DA:45,0
DA:46,0
DA:47,0
DA:49,0
LF:33
LH:0
end_of_record
