TN:base
SF:/home/diogo/Documentos/codeflaws2/data/121-E/121-E-bug-3498228-3498404/121-E.c
FN:5,bit
FN:9,sum
FN:18,islucky
FN:30,update
FN:39,add
FN:44,count
FN:54,main
FNDA:0,bit
FNDA:0,sum
FNDA:0,islucky
FNDA:0,update
FNDA:0,add
FNDA:0,count
FNDA:0,main
FNF:7
FNH:0
DA:5,0
DA:7,0
DA:9,0
DA:11,0
DA:12,0
DA:14,0
DA:15,0
DA:17,0
DA:18,0
DA:20,0
DA:21,0
DA:23,0
DA:24,0
DA:25,0
DA:26,0
DA:28,0
DA:29,0
DA:30,0
DA:32,0
DA:33,0
DA:35,0
DA:36,0
DA:38,0
DA:39,0
DA:41,0
DA:42,0
DA:43,0
DA:44,0
DA:46,0
DA:47,0
DA:49,0
DA:50,0
DA:52,0
DA:54,0
DA:60,0
DA:61,0
DA:62,0
DA:63,0
DA:65,0
DA:67,0
DA:68,0
DA:70,0
DA:71,0
DA:73,0
DA:75,0
DA:76,0
DA:78,0
DA:79,0
DA:81,0
DA:83,0
DA:84,0
DA:87,0
LF:52
LH:0
end_of_record
