TN:base
SF:/home/diogo/Documentos/codeflaws2/data/429-A/fix/429-A.c
FN:11,insert
FN:22,swap
FN:30,change_dfs
FN:59,dfs
FN:83,main
FNDA:0,insert
FNDA:0,swap
FNDA:0,change_dfs
FNDA:0,dfs
FNDA:0,main
FNF:5
FNH:0
DA:11,0
DA:13,0
DA:14,0
DA:15,0
DA:16,0
DA:22,0
DA:24,0
DA:25,0
DA:27,0
DA:28,0
DA:30,0
DA:32,0
DA:34,0
DA:35,0
DA:40,0
DA:41,0
DA:42,0
DA:45,0
DA:46,0
DA:48,0
DA:50,0
DA:51,0
DA:52,0
DA:54,0
DA:59,0
DA:63,0
DA:65,0
DA:66,0
DA:68,0
DA:71,0
DA:72,0
DA:74,0
DA:76,0
DA:77,0
DA:79,0
DA:81,0
DA:83,0
DA:86,0
DA:87,0
DA:88,0
DA:91,0
DA:92,0
DA:93,0
DA:96,0
DA:97,0
DA:98,0
DA:99,0
DA:100,0
DA:101,0
DA:102,0
DA:103,0
DA:104,0
DA:107,0
LF:53
LH:0
end_of_record
