TN:base
SF:/home/diogo/Documentos/codeflaws2/data/500-A/500-A-bug-17810784-17810794/500-A.c
FN:17,main
FN:49,add_edge
FN:58,dfs
FNDA:0,main
FNDA:0,add_edge
FNDA:0,dfs
FNF:3
FNH:0
DA:17,0
DA:21,0
DA:22,0
DA:23,0
DA:24,0
DA:25,0
DA:27,0
DA:28,0
DA:29,0
DA:31,0
DA:32,0
DA:34,0
DA:35,0
DA:36,0
DA:38,0
DA:40,0
DA:44,0
DA:46,0
DA:49,0
DA:51,0
DA:52,0
DA:53,0
DA:54,0
DA:55,0
DA:56,0
DA:58,0
DA:60,0
DA:61,0
DA:62,0
DA:64,0
DA:65,0
DA:67,0
DA:69,0
DA:71,0
DA:72,0
DA:74,0
DA:76,0
DA:78,0
DA:80,0
LF:39
LH:0
end_of_record
