TN:base
SF:/home/diogo/Documentos/codeflaws2/data/455-C/fix/455-C.c
FN:6,max
FN:10,adde
FN:14,findroot
FN:19,dp
FN:33,main
FNDA:0,max
FNDA:0,adde
FNDA:0,findroot
FNDA:0,dp
FNDA:0,main
FNF:5
FNH:0
DA:6,0
DA:8,0
DA:10,0
DA:12,0
DA:13,0
DA:14,0
DA:16,0
DA:17,0
DA:19,0
DA:21,0
DA:22,0
DA:24,0
DA:25,0
DA:26,0
DA:27,0
DA:28,0
DA:30,0
DA:31,0
DA:32,0
DA:33,0
DA:36,0
DA:37,0
DA:38,0
DA:39,0
DA:41,0
DA:42,0
DA:43,0
DA:45,0
DA:47,0
DA:48,0
DA:49,0
DA:51,0
DA:53,0
DA:54,0
DA:56,0
DA:57,0
DA:61,0
DA:62,0
DA:63,0
DA:64,0
DA:65,0
DA:68,0
LF:42
LH:0
end_of_record
