TN:base
SF:/home/diogo/Documentos/codeflaws2/data/304-B/304-B-bug-4040546-4040548/304-B.c
FN:4,fun
FN:10,f1
FN:23,swap
FN:30,main
FNDA:0,fun
FNDA:0,f1
FNDA:0,swap
FNDA:0,main
FNF:4
FNH:0
DA:4,0
DA:6,0
DA:7,0
DA:8,0
DA:10,0
DA:12,0
DA:13,0
DA:15,0
DA:16,0
DA:17,0
DA:19,0
DA:20,0
DA:21,0
DA:23,0
DA:26,0
DA:27,0
DA:28,0
DA:29,0
DA:30,0
DA:33,0
DA:35,0
DA:36,0
DA:38,0
DA:39,0
DA:41,0
DA:43,0
DA:44,0
DA:46,0
DA:49,0
DA:50,0
DA:51,0
DA:52,0
DA:54,0
DA:55,0
DA:57,0
DA:58,0
DA:60,0
LF:37
LH:0
end_of_record
