TN:base
SF:/home/diogo/Documentos/codeflaws2/data/14-B/14-B-bug-18332447-18332455/14-B.c
FN:3,f
FN:9,main
FNDA:0,f
FNDA:0,main
FNF:2
FNH:0
DA:3,0
DA:5,0
DA:6,0
DA:7,0
DA:9,0
DA:12,0
DA:13,0
DA:14,0
DA:15,0
DA:18,0
DA:19,0
DA:22,0
DA:23,0
DA:24,0
DA:27,0
DA:28,0
DA:30,0
DA:31,0
DA:33,0
DA:35,0
DA:36,0
DA:37,0
DA:39,0
DA:40,0
DA:42,0
DA:43,0
DA:44,0
DA:46,0
DA:47,0
DA:48,0
DA:51,0
DA:52,0
DA:53,0
LF:33
LH:0
end_of_record
SF:/home/diogo/Documentos/codeflaws2/data/14-B/<built-in>
LF:0
LH:0
end_of_record
