TN:base
SF:/home/diogo/Documentos/codeflaws2/data/88-B/88-B-bug-7300568-7300608/88-B.c
FN:8,search
FN:32,main
FNDA:0,search
FNDA:0,main
FNF:2
FNH:0
DA:8,0
DA:11,0
DA:13,0
DA:14,0
DA:15,0
DA:17,0
DA:18,0
DA:20,0
DA:21,0
DA:23,0
DA:25,0
DA:26,0
DA:29,0
DA:32,0
DA:36,0
DA:38,0
DA:39,0
DA:41,0
DA:42,0
DA:44,0
DA:45,0
DA:46,0
DA:49,0
DA:50,0
DA:51,0
DA:52,0
DA:54,0
DA:55,0
DA:56,0
DA:58,0
DA:60,0
DA:62,0
DA:64,0
DA:65,0
DA:67,0
DA:69,0
DA:71,0
DA:73,0
DA:74,0
DA:77,0
DA:80,0
DA:82,0
DA:84,0
DA:85,0
DA:87,0
DA:88,0
DA:90,0
DA:92,0
LF:48
LH:0
end_of_record
