TN:base
SF:/home/diogo/Documentos/codeflaws2/data/217-A/fix/217-A.c
FN:22,Init
FN:32,Add_Edge
FN:39,BFS
FN:65,main
FNDA:0,Init
FNDA:0,Add_Edge
FNDA:0,BFS
FNDA:0,main
FNF:4
FNH:0
DA:22,0
DA:25,0
DA:27,0
DA:29,0
DA:30,0
DA:32,0
DA:34,0
DA:35,0
DA:36,0
DA:37,0
DA:39,0
DA:43,0
DA:44,0
DA:45,0
DA:46,0
DA:47,0
DA:49,0
DA:51,0
DA:53,0
DA:55,0
DA:56,0
DA:60,0
DA:61,0
DA:63,0
DA:65,0
DA:68,0
DA:69,0
DA:70,0
DA:72,0
DA:73,0
DA:75,0
DA:77,0
DA:78,0
DA:82,0
DA:83,0
DA:85,0
DA:87,0
DA:88,0
DA:91,0
DA:92,0
LF:40
LH:0
end_of_record
