TN:base
SF:/home/diogo/Documentos/codeflaws2/data/374-A/fix/374-A.c
FN:3,ab
FN:9,max
FN:15,min
FN:21,func
FN:38,main
FNDA:0,ab
FNDA:0,max
FNDA:0,min
FNDA:0,func
FNDA:0,main
FNF:5
FNH:0
DA:3,0
DA:5,0
DA:6,0
DA:7,0
DA:9,0
DA:11,0
DA:12,0
DA:13,0
DA:15,0
DA:17,0
DA:18,0
DA:19,0
DA:21,0
DA:23,0
DA:24,0
DA:25,0
DA:26,0
DA:27,0
DA:28,0
DA:29,0
DA:30,0
DA:31,0
DA:32,0
DA:33,0
DA:34,0
DA:35,0
DA:36,0
DA:38,0
DA:40,0
DA:41,0
DA:42,0
DA:43,0
DA:45,0
DA:47,0
DA:48,0
DA:50,0
DA:52,0
DA:53,0
DA:55,0
DA:57,0
DA:58,0
DA:60,0
DA:62,0
DA:63,0
DA:65,0
DA:66,0
LF:46
LH:0
end_of_record
