TN:base
SF:/home/diogo/Documentos/codeflaws2/data/660-A/660-A-bug-17240602-17240979/660-A.c
FN:10,pgcd
FN:16,find
FN:23,main
FNDA:0,pgcd
FNDA:0,find
FNDA:0,main
FNF:3
FNH:0
DA:10,0
DA:11,0
DA:12,0
DA:13,0
DA:14,0
DA:16,0
DA:17,0
DA:18,0
DA:19,0
DA:21,0
DA:23,0
DA:25,0
DA:29,0
DA:30,0
DA:31,0
DA:32,0
DA:33,0
DA:34,0
DA:35,0
DA:39,0
DA:40,0
DA:41,0
DA:42,0
DA:43,0
DA:44,0
DA:45,0
DA:46,0
DA:50,0
DA:51,0
DA:52,0
DA:53,0
DA:54,0
DA:55,0
DA:57,0
DA:59,0
DA:60,0
DA:63,0
DA:64,0
LF:38
LH:0
end_of_record
