TN:base
SF:/home/diogo/Documentos/codeflaws2/data/598-D/fix/598-D.c
FN:14,getnum
FN:20,printnum
FN:28,bfs
FN:40,main
FNDA:0,getnum
FNDA:0,printnum
FNDA:0,bfs
FNDA:0,main
FNF:4
FNH:0
DA:14,0
DA:15,0
DA:16,0
DA:17,0
DA:19,0
DA:20,0
DA:21,0
DA:22,0
DA:23,0
DA:24,0
DA:26,0
DA:27,0
DA:28,0
DA:29,0
DA:30,0
DA:31,0
DA:32,0
DA:33,0
DA:34,0
DA:36,0
DA:37,0
DA:39,0
DA:40,0
DA:41,0
DA:42,0
DA:43,0
DA:44,0
DA:45,0
DA:46,0
DA:48,0
DA:50,0
DA:51,0
DA:52,0
DA:53,0
DA:54,0
DA:55,0
DA:56,0
DA:57,0
DA:59,0
DA:60,0
DA:62,0
LF:41
LH:0
end_of_record
