TN:base
SF:/home/diogo/Documentos/codeflaws2/data/614-C/614-C-bug-15374403-15375743/614-C.c
FN:6,has_obtuse
FN:16,distance
FN:34,main
FNDA:0,has_obtuse
FNDA:0,distance
FNDA:0,main
FNF:3
FNH:0
DA:6,0
DA:9,0
DA:10,0
DA:11,0
DA:12,0
DA:13,0
DA:16,0
DA:18,0
DA:19,0
DA:20,0
DA:21,0
DA:25,0
DA:26,0
DA:28,0
DA:29,0
DA:31,0
DA:34,0
DA:37,0
DA:38,0
DA:40,0
DA:42,0
DA:43,0
DA:44,0
DA:45,0
DA:47,0
DA:48,0
DA:49,0
DA:51,0
DA:52,0
DA:53,0
DA:54,0
DA:55,0
DA:56,0
DA:57,0
DA:58,0
DA:59,0
LF:36
LH:0
end_of_record
