TN:base
SF:/home/diogo/Documentos/codeflaws2/data/363-A/363-A-bug-8603306-8603333/363-A.c
FN:2,f0
FN:6,f1
FN:10,f2
FN:14,f3
FN:18,f4
FN:22,f5
FN:26,f6
FN:30,f7
FN:34,f8
FN:38,f9
FN:42,main
FNDA:0,f0
FNDA:0,f1
FNDA:0,f2
FNDA:0,f3
FNDA:0,f4
FNDA:0,f5
FNDA:0,f6
FNDA:0,f7
FNDA:0,f8
FNDA:0,f9
FNDA:0,main
FNF:11
FNH:0
DA:2,0
DA:4,0
DA:5,0
DA:6,0
DA:8,0
DA:9,0
DA:10,0
DA:12,0
DA:13,0
DA:14,0
DA:16,0
DA:17,0
DA:18,0
DA:20,0
DA:21,0
DA:22,0
DA:24,0
DA:25,0
DA:26,0
DA:28,0
DA:29,0
DA:30,0
DA:32,0
DA:33,0
DA:34,0
DA:36,0
DA:37,0
DA:38,0
DA:40,0
DA:41,0
DA:42,0
DA:45,0
DA:46,0
DA:47,0
DA:49,0
DA:50,0
DA:51,0
DA:52,0
DA:54,0
DA:55,0
DA:57,0
DA:58,0
DA:60,0
DA:61,0
DA:63,0
DA:64,0
DA:66,0
DA:67,0
DA:69,0
DA:70,0
DA:72,0
DA:73,0
DA:75,0
DA:76,0
DA:78,0
DA:79,0
DA:81,0
DA:82,0
DA:84,0
LF:59
LH:0
end_of_record
