TN:base
SF:/home/diogo/Documentos/codeflaws2/data/404-C/404-C-bug-6126358-6126371/404-C.c
FN:11,check_bad
FN:22,sort
FN:37,main
FNDA:0,check_bad
FNDA:0,sort
FNDA:0,main
FNF:3
FNH:0
DA:11,0
DA:13,0
DA:14,0
DA:15,0
DA:16,0
DA:17,0
DA:19,0
DA:22,0
DA:23,0
DA:24,0
DA:25,0
DA:26,0
DA:27,0
DA:28,0
DA:29,0
DA:30,0
DA:33,0
DA:34,0
DA:35,0
DA:37,0
DA:40,0
DA:41,0
DA:42,0
DA:43,0
DA:45,0
DA:46,0
DA:48,0
DA:49,0
DA:51,0
DA:52,0
DA:53,0
DA:54,0
DA:55,0
DA:56,0
DA:57,0
DA:58,0
DA:63,0
DA:64,0
DA:65,0
DA:66,0
LF:40
LH:0
end_of_record
