TN:base
SF:/home/diogo/Documentos/codeflaws2/data/514-E/514-E-bug-9917904-9917945/514-E.c
FN:5,readint
FN:13,putint
FN:18,max
FN:26,multb
FN:39,multc
FN:53,main
FNDA:0,readint
FNDA:0,putint
FNDA:0,max
FNDA:0,multb
FNDA:0,multc
FNDA:0,main
FNF:6
FNH:0
DA:5,0
DA:6,0
DA:8,0
DA:9,0
DA:10,0
DA:11,0
DA:13,0
DA:14,0
DA:15,0
DA:16,0
DA:17,0
DA:18,0
DA:19,0
DA:26,0
DA:28,0
DA:29,0
DA:30,0
DA:31,0
DA:32,0
DA:33,0
DA:37,0
DA:38,0
DA:39,0
DA:41,0
DA:42,0
DA:43,0
DA:44,0
DA:45,0
DA:46,0
DA:50,0
DA:51,0
DA:53,0
DA:56,0
DA:57,0
DA:58,0
DA:59,0
DA:60,0
DA:61,0
DA:62,0
DA:63,0
DA:64,0
DA:65,0
DA:66,0
DA:68,0
DA:69,0
DA:70,0
DA:73,0
DA:74,0
DA:77,0
DA:78,0
DA:79,0
DA:80,0
DA:81,0
DA:84,0
DA:85,0
LF:55
LH:0
end_of_record
