TN:base
SF:/home/diogo/Documentos/codeflaws2/data/22-D/22-D-bug-17896274-17896278/22-D.c
FN:13,main
FN:59,sort
FN:90,minimum
FN:101,maximum
FNDA:0,main
FNDA:0,sort
FNDA:0,minimum
FNDA:0,maximum
FNF:4
FNH:0
DA:13,0
DA:14,0
DA:16,0
DA:17,0
DA:18,0
DA:19,0
DA:21,0
DA:22,0
DA:23,0
DA:24,0
DA:25,0
DA:26,0
DA:27,0
DA:28,0
DA:29,0
DA:30,0
DA:31,0
DA:33,0
DA:35,0
DA:36,0
DA:37,0
DA:41,0
DA:43,0
DA:45,0
DA:47,0
DA:50,0
DA:52,0
DA:53,0
DA:55,0
DA:57,0
DA:59,0
DA:61,0
DA:64,0
DA:65,0
DA:66,0
DA:68,0
DA:69,0
DA:71,0
DA:73,0
DA:74,0
DA:75,0
DA:80,0
DA:82,0
DA:83,0
DA:84,0
DA:88,0
DA:89,0
DA:90,0
DA:92,0
DA:94,0
DA:98,0
DA:101,0
DA:103,0
DA:105,0
DA:109,0
LF:55
LH:0
end_of_record
