TN:base
SF:/home/diogo/Documentos/codeflaws2/data/403-A/403-A-bug-6100756-6100800/403-A.c
FN:9,min_size_f
FN:19,gen_graph
FN:32,print_graph
FN:49,main
FNDA:0,min_size_f
FNDA:0,gen_graph
FNDA:0,print_graph
FNDA:0,main
FNF:4
FNH:0
DA:9,0
DA:11,0
DA:12,0
DA:13,0
DA:14,0
DA:15,0
DA:19,0
DA:21,0
DA:22,0
DA:23,0
DA:24,0
DA:25,0
DA:26,0
DA:30,0
DA:32,0
DA:34,0
DA:35,0
DA:36,0
DA:49,0
DA:56,0
DA:57,0
DA:58,0
DA:59,0
DA:60,0
DA:61,0
DA:62,0
DA:63,0
DA:65,0
DA:66,0
DA:67,0
DA:68,0
DA:70,0
LF:32
LH:0
end_of_record
SF:/home/diogo/Documentos/codeflaws2/data/403-A/<built-in>
LF:0
LH:0
end_of_record
