TN:base
SF:/home/diogo/Documentos/codeflaws2/data/369-C/369-C-bug-5354958-5359647/369-C.c
FN:3,swap
FN:8,gui
FN:20,yar
FN:30,kill
FN:46,main
FNDA:0,swap
FNDA:0,gui
FNDA:0,yar
FNDA:0,kill
FNDA:0,main
FNF:5
FNH:0
DA:3,0
DA:4,0
DA:5,0
DA:6,0
DA:7,0
DA:8,0
DA:9,0
DA:10,0
DA:11,0
DA:12,0
DA:13,0
DA:14,0
DA:15,0
DA:17,0
DA:18,0
DA:19,0
DA:20,0
DA:22,0
DA:23,0
DA:24,0
DA:25,0
DA:26,0
DA:28,0
DA:30,0
DA:31,0
DA:32,0
DA:33,0
DA:34,0
DA:35,0
DA:36,0
DA:39,0
DA:40,0
DA:41,0
DA:44,0
DA:46,0
DA:48,0
DA:49,0
DA:50,0
DA:51,0
DA:52,0
DA:53,0
DA:55,0
DA:56,0
DA:57,0
DA:58,0
DA:59,0
DA:60,0
DA:61,0
DA:62,0
DA:63,0
LF:50
LH:0
end_of_record
