TN:base
SF:/home/diogo/Documentos/codeflaws2/data/158-C/158-C-bug-9815086-9815194/158-C.c
FN:7,push
FN:29,pop
FN:35,pwd
FN:46,cd
FN:81,main
FNDA:0,push
FNDA:0,pop
FNDA:0,pwd
FNDA:0,cd
FNDA:0,main
FNF:5
FNH:0
DA:7,0
DA:20,0
DA:22,0
DA:23,0
DA:24,0
DA:27,0
DA:29,0
DA:31,0
DA:32,0
DA:35,0
DA:38,0
DA:39,0
DA:41,0
DA:43,0
DA:44,0
DA:46,0
DA:50,0
DA:52,0
DA:54,0
DA:56,0
DA:57,0
DA:58,0
DA:60,0
DA:61,0
DA:65,0
DA:66,0
DA:68,0
DA:69,0
DA:70,0
DA:73,0
DA:74,0
DA:75,0
DA:76,0
DA:79,0
DA:81,0
DA:83,0
DA:84,0
DA:86,0
DA:87,0
DA:89,0
DA:91,0
DA:92,0
DA:96,0
DA:97,0
DA:99,0
DA:104,0
LF:46
LH:0
end_of_record
