TN:base
SF:/home/diogo/Documentos/codeflaws2/data/665-D/fix/665-D.c
FN:3,is_prime
FN:16,brute_force
FN:37,main
FNDA:0,is_prime
FNDA:0,brute_force
FNDA:0,main
FNF:3
FNH:0
DA:3,0
DA:4,0
DA:5,0
DA:8,0
DA:9,0
DA:10,0
DA:12,0
DA:16,0
DA:18,0
DA:19,0
DA:20,0
DA:21,0
DA:22,0
DA:23,0
DA:27,0
DA:28,0
DA:29,0
DA:30,0
DA:33,0
DA:34,0
DA:35,0
DA:37,0
DA:38,0
DA:39,0
DA:40,0
DA:41,0
DA:42,0
DA:43,0
DA:45,0
DA:46,0
DA:47,0
DA:48,0
DA:49,0
DA:50,0
DA:51,0
DA:52,0
DA:55,0
DA:56,0
DA:57,0
DA:59,0
DA:62,0
DA:63,0
LF:42
LH:0
end_of_record
