TN:base
SF:/home/diogo/Documentos/codeflaws2/data/669-C/669-C-bug-17493975-17494209/669-C.c
FN:6,SetCell
FN:9,Row
FN:18,Colum
FN:28,print
FN:37,main
FNDA:0,SetCell
FNDA:0,Row
FNDA:0,Colum
FNDA:0,print
FNDA:0,main
FNF:5
FNH:0
DA:6,0
DA:7,0
DA:8,0
DA:9,0
DA:11,0
DA:12,0
DA:13,0
DA:14,0
DA:16,0
DA:17,0
DA:18,0
DA:20,0
DA:21,0
DA:22,0
DA:23,0
DA:26,0
DA:27,0
DA:28,0
DA:30,0
DA:31,0
DA:32,0
DA:35,0
DA:36,0
DA:37,0
DA:38,0
DA:40,0
DA:41,0
DA:43,0
DA:44,0
DA:47,0
DA:52,0
DA:53,0
DA:54,0
DA:55,0
DA:58,0
DA:59,0
DA:62,0
DA:68,0
LF:38
LH:0
end_of_record
