TN:base
SF:/home/diogo/Documentos/codeflaws2/data/121-C/fix/121-C.c
FN:3,lucky
FN:18,fact
FN:27,main
FNDA:0,lucky
FNDA:0,fact
FNDA:0,main
FNF:3
FNH:0
DA:3,0
DA:5,0
DA:6,0
DA:8,0
DA:11,0
DA:12,0
DA:14,0
DA:18,0
DA:20,0
DA:22,0
DA:24,0
DA:27,0
DA:29,0
DA:30,0
DA:33,0
DA:35,0
DA:36,0
DA:38,0
DA:39,0
DA:40,0
DA:41,0
DA:44,0
DA:45,0
DA:48,0
DA:49,0
DA:51,0
DA:54,0
DA:55,0
DA:57,0
DA:60,0
DA:61,0
DA:63,0
DA:66,0
DA:68,0
DA:70,0
DA:71,0
DA:73,0
DA:75,0
DA:77,0
DA:79,0
DA:82,0
DA:84,0
DA:86,0
LF:43
LH:0
end_of_record
