TN:base
SF:/home/diogo/Documentos/codeflaws2/data/665-F/665-F-bug-17877394-17888728/665-F.c
FN:119,main
FNDA:0,main
FNF:1
FNH:0
DA:119,0
DA:121,0
DA:122,0
DA:124,0
DA:127,0
DA:128,0
DA:130,0
DA:132,0
DA:133,0
DA:134,0
DA:135,0
DA:140,0
DA:142,0
DA:143,0
DA:144,0
DA:145,0
DA:146,0
DA:148,0
DA:149,0
DA:150,0
DA:151,0
DA:152,0
DA:153,0
DA:154,0
DA:156,0
DA:157,0
DA:159,0
DA:161,0
DA:162,0
DA:164,0
DA:165,0
DA:166,0
DA:168,0
DA:170,0
DA:171,0
DA:175,0
DA:177,0
DA:178,0
DA:181,0
DA:185,0
DA:188,0
DA:189,0
DA:190,0
DA:191,0
DA:192,0
DA:194,0
DA:195,0
DA:196,0
DA:197,0
DA:198,0
DA:200,0
DA:201,0
DA:202,0
DA:203,0
DA:205,0
DA:206,0
LF:56
LH:0
end_of_record
