TN:base
SF:/home/diogo/Documentos/codeflaws2/data/527-D/527-D-bug-10997019-10997037/527-D.c
FN:13,main
FN:69,quicksort
FN:87,swap
FNDA:0,main
FNDA:0,quicksort
FNDA:0,swap
FNF:3
FNH:0
DA:13,0
DA:15,0
DA:22,0
DA:23,0
DA:24,0
DA:25,0
DA:30,0
DA:38,0
DA:39,0
DA:40,0
DA:42,0
DA:43,0
DA:44,0
DA:45,0
DA:46,0
DA:57,0
DA:58,0
DA:59,0
DA:60,0
DA:64,0
DA:66,0
DA:69,0
DA:71,0
DA:73,0
DA:74,0
DA:76,0
DA:77,0
DA:79,0
DA:81,0
DA:82,0
DA:83,0
DA:85,0
DA:87,0
DA:89,0
DA:90,0
DA:91,0
DA:92,0
LF:37
LH:0
end_of_record
