TN:base
SF:/home/diogo/Documentos/codeflaws2/data/416-C/416-C-bug-6345762-6345771/416-C.c
FN:24,dcompare
FN:33,rcompare
FN:37,main
FNDA:0,dcompare
FNDA:0,rcompare
FNDA:0,main
FNF:3
FNH:0
DA:24,0
DA:25,0
DA:26,0
DA:27,0
DA:29,0
DA:33,0
DA:34,0
DA:37,0
DA:39,0
DA:40,0
DA:41,0
DA:42,0
DA:43,0
DA:45,0
DA:46,0
DA:47,0
DA:48,0
DA:50,0
DA:51,0
DA:52,0
DA:53,0
DA:54,0
DA:55,0
DA:56,0
DA:57,0
DA:58,0
DA:61,0
DA:62,0
DA:63,0
DA:64,0
DA:65,0
DA:66,0
DA:69,0
DA:70,0
DA:71,0
DA:73,0
LF:36
LH:0
end_of_record
