TN:base
SF:/home/diogo/Documentos/codeflaws2/data/275-A/275-A-bug-6943355-6943356/275-A.c
FN:8,getint
FN:27,gcd
FN:45,getlonglong
FN:64,sort
FN:92,mergesort
FN:106,Ceil
FN:119,Max
FN:129,Abs
FN:140,sorttt
FN:172,main
FNDA:0,getint
FNDA:0,gcd
FNDA:0,getlonglong
FNDA:0,sort
FNDA:0,mergesort
FNDA:0,Ceil
FNDA:0,Max
FNDA:0,Abs
FNDA:0,sorttt
FNDA:0,main
FNF:10
FNH:0
DA:8,0
DA:10,0
DA:11,0
DA:13,0
DA:14,0
DA:16,0
DA:18,0
DA:19,0
DA:22,0
DA:27,0
DA:31,0
DA:33,0
DA:35,0
DA:36,0
DA:40,0
DA:45,0
DA:47,0
DA:48,0
DA:50,0
DA:51,0
DA:53,0
DA:55,0
DA:56,0
DA:59,0
DA:64,0
DA:65,0
DA:67,0
DA:68,0
DA:70,0
DA:72,0
DA:73,0
DA:75,0
DA:80,0
DA:81,0
DA:83,0
DA:84,0
DA:86,0
DA:87,0
DA:90,0
DA:92,0
DA:94,0
DA:95,0
DA:97,0
DA:99,0
DA:100,0
DA:101,0
DA:106,0
DA:108,0
DA:109,0
DA:111,0
DA:112,0
DA:114,0
DA:119,0
DA:122,0
DA:123,0
DA:125,0
DA:129,0
DA:132,0
DA:133,0
DA:135,0
DA:140,0
DA:141,0
DA:144,0
DA:146,0
DA:148,0
DA:150,0
DA:151,0
DA:152,0
DA:153,0
DA:156,0
DA:157,0
DA:159,0
DA:160,0
DA:162,0
DA:163,0
DA:169,0
DA:172,0
DA:176,0
DA:177,0
DA:178,0
DA:180,0
DA:183,0
DA:185,0
DA:186,0
DA:187,0
DA:188,0
DA:189,0
DA:190,0
DA:191,0
DA:192,0
DA:193,0
DA:195,0
DA:201,0
DA:203,0
DA:204,0
DA:205,0
DA:208,0
LF:97
LH:0
end_of_record
