TN:base
SF:/home/diogo/Documentos/codeflaws2/data/677-C/677-C-bug-18281182-18281188/677-C.c
FN:8,ret
FN:28,main
FNDA:0,ret
FNDA:0,main
FNF:2
FNH:0
DA:8,0
DA:9,0
DA:10,0
DA:11,0
DA:12,0
DA:13,0
DA:14,0
DA:15,0
DA:16,0
DA:17,0
DA:18,0
DA:19,0
DA:20,0
DA:21,0
DA:22,0
DA:23,0
DA:26,0
DA:28,0
DA:30,0
DA:31,0
DA:33,0
DA:34,0
DA:36,0
DA:37,0
DA:39,0
DA:40,0
DA:42,0
DA:43,0
DA:44,0
DA:45,0
DA:46,0
DA:47,0
DA:49,0
LF:33
LH:0
end_of_record
SF:/home/diogo/Documentos/codeflaws2/data/677-C/<built-in>
LF:0
LH:0
end_of_record
