TN:base
SF:/home/diogo/Documentos/codeflaws2/data/175-A/fix/175-A.c
FN:4,GetSize
FN:10,CopyArr
FN:18,Max
FN:25,GetVal
FN:40,main
FNDA:0,GetSize
FNDA:0,CopyArr
FNDA:0,Max
FNDA:0,GetVal
FNDA:0,main
FNF:5
FNH:0
DA:4,0
DA:7,0
DA:8,0
DA:10,0
DA:13,0
DA:15,0
DA:17,0
DA:18,0
DA:20,0
DA:21,0
DA:23,0
DA:25,0
DA:29,0
DA:30,0
DA:31,0
DA:32,0
DA:33,0
DA:34,0
DA:35,0
DA:36,0
DA:38,0
DA:40,0
DA:43,0
DA:44,0
DA:45,0
DA:46,0
DA:47,0
DA:49,0
DA:51,0
DA:52,0
DA:53,0
DA:54,0
DA:55,0
DA:57,0
DA:60,0
DA:63,0
LF:36
LH:0
end_of_record
