TN:base
SF:/home/diogo/Documentos/codeflaws2/data/592-A/592-A-bug-14196941-14196952/592-A.c
FN:8,findWayUp
FN:20,findWayDown
FN:32,main
FNDA:0,findWayUp
FNDA:0,findWayDown
FNDA:0,main
FNF:3
FNH:0
DA:8,0
DA:10,0
DA:11,0
DA:14,0
DA:15,0
DA:17,0
DA:20,0
DA:22,0
DA:23,0
DA:26,0
DA:27,0
DA:29,0
DA:32,0
DA:37,0
DA:39,0
DA:41,0
DA:42,0
DA:45,0
DA:46,0
DA:49,0
DA:50,0
DA:53,0
DA:54,0
DA:57,0
DA:60,0
DA:61,0
DA:62,0
DA:64,0
DA:65,0
DA:66,0
DA:67,0
DA:68,0
DA:69,0
DA:72,0
DA:73,0
DA:74,0
DA:76,0
LF:37
LH:0
end_of_record
