TN:base
SF:/home/diogo/Documentos/codeflaws2/data/149-B/149-B-bug-1183413-1183415/149-B.c
FN:4,value
FN:12,valueR
FN:20,main
FNDA:0,value
FNDA:0,valueR
FNDA:0,main
FNF:3
FNH:0
DA:4,0
DA:5,0
DA:6,0
DA:8,0
DA:9,0
DA:12,0
DA:14,0
DA:15,0
DA:16,0
DA:18,0
DA:20,0
DA:25,0
DA:29,0
DA:30,0
DA:31,0
DA:32,0
DA:33,0
DA:34,0
DA:35,0
DA:36,0
DA:39,0
DA:41,0
DA:42,0
DA:43,0
DA:44,0
DA:45,0
DA:46,0
DA:47,0
DA:48,0
DA:51,0
DA:56,0
DA:58,0
DA:59,0
DA:62,0
DA:63,0
DA:64,0
DA:66,0
DA:67,0
DA:69,0
DA:70,0
DA:72,0
LF:41
LH:0
end_of_record
