TN:base
SF:/home/diogo/Documentos/codeflaws2/data/430-C/430-C-bug-10629743-10629769/430-C.c
FN:13,insert
FN:31,dfs
FN:69,main
FNDA:0,insert
FNDA:0,dfs
FNDA:0,main
FNF:3
FNH:0
DA:13,0
DA:15,0
DA:17,0
DA:18,0
DA:19,0
DA:24,0
DA:25,0
DA:26,0
DA:27,0
DA:29,0
DA:31,0
DA:33,0
DA:34,0
DA:36,0
DA:37,0
DA:39,0
DA:40,0
DA:42,0
DA:43,0
DA:46,0
DA:47,0
DA:49,0
DA:51,0
DA:57,0
DA:58,0
DA:59,0
DA:61,0
DA:62,0
DA:64,0
DA:65,0
DA:69,0
DA:72,0
DA:75,0
DA:77,0
DA:78,0
DA:79,0
DA:82,0
DA:83,0
DA:84,0
DA:85,0
DA:86,0
DA:87,0
DA:88,0
DA:89,0
DA:91,0
LF:45
LH:0
end_of_record
