TN:base
SF:/home/diogo/Documentos/codeflaws2/data/572-A/572-A-bug-18014147-18014159/572-A.c
FN:14,_sort
FN:39,sort
FN:53,op
FN:57,inp
FN:68,compute
FN:73,main
FN:88,main2
FNDA:0,_sort
FNDA:0,sort
FNDA:0,op
FNDA:0,inp
FNDA:0,compute
FNDA:0,main
FNDA:0,main2
FNF:7
FNH:0
DA:14,0
DA:19,0
DA:20,0
DA:21,0
DA:22,0
DA:23,0
DA:24,0
DA:26,0
DA:28,0
DA:29,0
DA:30,0
DA:32,0
DA:34,0
DA:35,0
DA:37,0
DA:39,0
DA:42,0
DA:43,0
DA:44,0
DA:46,0
DA:47,0
DA:49,0
DA:50,0
DA:51,0
DA:53,0
DA:54,0
DA:55,0
DA:57,0
DA:58,0
DA:59,0
DA:60,0
DA:61,0
DA:62,0
DA:64,0
DA:65,0
DA:66,0
DA:68,0
DA:70,0
DA:71,0
DA:73,0
DA:74,0
DA:76,0
DA:77,0
DA:78,0
DA:79,0
DA:80,0
DA:82,0
DA:83,0
DA:85,0
DA:88,0
DA:89,0
DA:91,0
DA:92,0
DA:93,0
DA:95,0
DA:96,0
DA:97,0
DA:100,0
LF:58
LH:0
end_of_record
