TN:base
SF:/home/diogo/Documentos/codeflaws2/data/156-D/156-D-bug-1253646-1253650/156-D.c
FN:10,dsu_new
FN:22,dsu_free
FN:28,dsu_find
FN:32,dsu_merge
FN:41,main
FNDA:0,dsu_new
FNDA:0,dsu_free
FNDA:0,dsu_find
FNDA:0,dsu_merge
FNDA:0,main
FNF:5
FNH:0
DA:10,0
DA:12,0
DA:13,0
DA:14,0
DA:15,0
DA:16,0
DA:17,0
DA:18,0
DA:19,0
DA:22,0
DA:23,0
DA:24,0
DA:25,0
DA:26,0
DA:28,0
DA:29,0
DA:32,0
DA:33,0
DA:34,0
DA:35,0
DA:36,0
DA:37,0
DA:39,0
DA:41,0
DA:47,0
DA:48,0
DA:49,0
DA:50,0
DA:51,0
DA:52,0
DA:54,0
DA:55,0
DA:56,0
DA:57,0
DA:58,0
DA:59,0
DA:61,0
DA:62,0
DA:63,0
DA:64,0
DA:66,0
LF:41
LH:0
end_of_record
