TN:base
SF:/home/diogo/Documentos/codeflaws2/data/48-C/48-C-bug-255894-255897/48-C.c
FN:16,MakeSeq
FN:25,Refuel
FN:66,PrintSeq
FN:77,CmpSeq
FN:97,ReadSeq
FN:115,FindMaxAlpha
FN:121,mpd
FN:149,main
FNDA:0,MakeSeq
FNDA:0,Refuel
FNDA:0,PrintSeq
FNDA:0,CmpSeq
FNDA:0,ReadSeq
FNDA:0,FindMaxAlpha
FNDA:0,mpd
FNDA:0,main
FNF:8
FNH:0
DA:16,0
DA:19,0
DA:20,0
DA:21,0
DA:22,0
DA:25,0
DA:30,0
DA:32,0
DA:34,0
DA:36,0
DA:66,0
DA:69,0
DA:71,0
DA:73,0
DA:74,0
DA:77,0
DA:82,0
DA:83,0
DA:85,0
DA:88,0
DA:89,0
DA:92,0
DA:97,0
DA:101,0
DA:102,0
DA:104,0
DA:107,0
DA:110,0
DA:115,0
DA:117,0
DA:121,0
DA:126,0
DA:127,0
DA:131,0
DA:132,0
DA:134,0
DA:135,0
DA:136,0
DA:138,0
DA:140,0
DA:144,0
DA:145,0
DA:149,0
DA:160,0
DA:161,0
DA:163,0
DA:173,0
DA:175,0
DA:180,0
DA:181,0
DA:186,0
DA:188,0
DA:192,0
DA:201,0
LF:54
LH:0
end_of_record
