TN:base
SF:/home/diogo/Documentos/codeflaws2/data/568-A/568-A-bug-12727384-12727415/568-A.c
FN:7,SieveOfEratosthenes
FN:21,IsPalindromic
FN:40,main
FNDA:0,SieveOfEratosthenes
FNDA:0,IsPalindromic
FNDA:0,main
FNF:3
FNH:0
DA:7,0
DA:10,0
DA:11,0
DA:12,0
DA:13,0
DA:14,0
DA:15,0
DA:19,0
DA:21,0
DA:23,0
DA:24,0
DA:26,0
DA:28,0
DA:29,0
DA:30,0
DA:32,0
DA:33,0
DA:34,0
DA:37,0
DA:40,0
DA:42,0
DA:43,0
DA:44,0
DA:45,0
DA:46,0
DA:47,0
DA:49,0
DA:50,0
DA:52,0
DA:53,0
DA:56,0
DA:57,0
DA:58,0
DA:60,0
DA:61,0
LF:35
LH:0
end_of_record
