TN:base
SF:/home/diogo/Documentos/codeflaws2/data/5-E/fix/5-E.c
FN:21,push
FN:24,gettop
FN:27,pop
FN:31,isempty
FN:35,main
FNDA:0,push
FNDA:0,gettop
FNDA:0,pop
FNDA:0,isempty
FNDA:0,main
FNF:5
FNH:0
DA:21,0
DA:22,0
DA:23,0
DA:24,0
DA:25,0
DA:27,0
DA:28,0
DA:30,0
DA:31,0
DA:32,0
DA:35,0
DA:40,0
DA:41,0
DA:45,0
DA:49,0
DA:52,0
DA:54,0
DA:56,0
DA:57,0
DA:58,0
DA:61,0
DA:63,0
DA:64,0
DA:65,0
DA:66,0
DA:67,0
DA:69,0
DA:70,0
DA:71,0
DA:72,0
DA:74,0
DA:75,0
DA:76,0
DA:77,0
DA:78,0
DA:79,0
DA:80,0
DA:81,0
DA:83,0
DA:85,0
DA:86,0
DA:87,0
DA:89,0
DA:91,0
DA:92,0
DA:93,0
DA:97,0
LF:47
LH:0
end_of_record
