TN:base
SF:/home/diogo/Documentos/codeflaws2/data/239-B/239-B-bug-2503429-2503874/239-B.c
FN:6,copy_interval
FN:16,output_result
FN:22,erase_zero
FN:30,main
FNDA:0,copy_interval
FNDA:0,output_result
FNDA:0,erase_zero
FNDA:0,main
FNF:4
FNH:0
DA:6,0
DA:8,0
DA:9,0
DA:10,0
DA:11,0
DA:13,0
DA:14,0
DA:16,0
DA:19,0
DA:20,0
DA:22,0
DA:24,0
DA:25,0
DA:26,0
DA:28,0
DA:30,0
DA:36,0
DA:37,0
DA:38,0
DA:39,0
DA:40,0
DA:41,0
DA:42,0
DA:43,0
DA:44,0
DA:45,0
DA:46,0
DA:47,0
DA:48,0
DA:49,0
DA:50,0
DA:51,0
DA:52,0
DA:53,0
DA:54,0
DA:56,0
DA:59,0
DA:60,0
DA:61,0
DA:62,0
DA:63,0
DA:64,0
DA:65,0
DA:66,0
DA:67,0
DA:71,0
DA:74,0
LF:47
LH:0
end_of_record
