TN:base
SF:/home/diogo/Documentos/codeflaws2/data/381-B/381-B-bug-5728270-5728273/381-B.c
FN:9,read_input
FN:22,intcmpdesc
FN:27,intcmpasc
FN:33,print_numbers
FN:44,main
FNDA:0,read_input
FNDA:0,intcmpdesc
FNDA:0,intcmpasc
FNDA:0,print_numbers
FNDA:0,main
FNF:5
FNH:0
DA:9,0
DA:10,0
DA:13,0
DA:14,0
DA:16,0
DA:17,0
DA:19,0
DA:22,0
DA:24,0
DA:27,0
DA:29,0
DA:33,0
DA:35,0
DA:36,0
DA:37,0
DA:38,0
DA:39,0
DA:44,0
DA:52,0
DA:56,0
DA:57,0
DA:59,0
DA:61,0
DA:62,0
DA:63,0
DA:65,0
DA:66,0
DA:68,0
DA:69,0
DA:71,0
DA:72,0
DA:73,0
DA:79,0
DA:80,0
DA:81,0
DA:83,0
DA:86,0
DA:88,0
DA:89,0
DA:92,0
DA:94,0
DA:96,0
DA:97,0
DA:100,0
DA:106,0
DA:107,0
DA:108,0
DA:109,0
DA:110,0
DA:114,0
DA:115,0
DA:116,0
LF:52
LH:0
end_of_record
