TN:trace11
SF:/home/diogo/Documents/Pesquisa/45-A/v5/45-A.c
FN:402,main
FNDA:1,main
FNF:1
FNH:1
DA:402,1
DA:404,1
DA:406,1
DA:407,1
DA:409,1
DA:411,0
DA:412,0
DA:413,0
DA:415,0
DA:417,1
DA:419,0
DA:420,0
DA:421,0
DA:423,0
DA:425,1
DA:427,0
DA:428,0
DA:429,0
DA:431,0
DA:433,1
DA:435,0
DA:436,0
DA:437,0
DA:439,0
DA:441,1
DA:443,1
DA:444,1
DA:445,1
DA:447,0
DA:449,0
DA:451,0
DA:452,0
DA:453,0
DA:455,0
DA:457,0
DA:459,0
DA:460,0
DA:461,0
DA:463,0
DA:465,0
DA:467,0
DA:468,0
DA:469,0
DA:471,0
DA:473,0
DA:475,0
DA:476,0
DA:477,0
DA:479,0
DA:481,0
DA:483,0
DA:484,0
DA:485,0
DA:487,0
DA:489,0
DA:491,0
DA:492,0
DA:493,0
DA:495,0
DA:497,0
DA:499,0
DA:500,0
DA:501,0
DA:503,0
DA:505,1
DA:506,0
DA:507,1
DA:508,0
DA:509,1
DA:510,0
DA:511,1
DA:512,0
DA:513,1
DA:514,1
DA:515,0
DA:516,0
DA:517,0
DA:518,0
DA:519,0
DA:520,0
DA:521,0
DA:522,0
DA:523,0
DA:524,0
DA:525,0
DA:526,0
DA:527,0
DA:528,0
DA:529,1
DA:532,0
LF:90
LH:19
end_of_record
