TN:trace19
SF:/home/diogo/Documents/Pesquisa/45-A/v7/45-A.c
FN:311,main
FNDA:1,main
FNF:1
FNH:1
DA:311,1
DA:314,1
DA:315,1
DA:316,1
DA:317,1
DA:318,1
DA:319,0
DA:320,1
DA:321,0
DA:322,1
DA:323,0
DA:324,1
DA:325,0
DA:326,1
DA:327,0
DA:328,1
DA:329,0
DA:330,1
DA:331,0
DA:332,1
DA:333,0
DA:334,1
DA:335,0
DA:336,1
DA:337,0
DA:338,1
DA:339,0
DA:340,1
DA:341,1
DA:342,1
DA:343,1
DA:344,0
DA:345,0
DA:346,0
DA:347,0
DA:348,0
DA:349,0
DA:350,0
DA:351,0
DA:352,0
DA:353,0
DA:354,0
DA:356,1
LF:43
LH:21
end_of_record
