TN:base
SF:/home/diogo/Documentos/codeflaws2/data/38-B/fix/38-B.c
FN:13,main
FN:25,ingresar_posiciones
FN:34,marcar_tablero
FN:62,imprimir_tablero
FNDA:0,main
FNDA:0,ingresar_posiciones
FNDA:0,marcar_tablero
FNDA:0,imprimir_tablero
FNF:4
FNH:0
DA:13,0
DA:14,0
DA:15,0
DA:16,0
DA:17,0
DA:18,0
DA:19,0
DA:22,0
DA:23,0
DA:25,0
DA:27,0
DA:29,0
DA:30,0
DA:31,0
DA:32,0
DA:33,0
DA:34,0
DA:37,0
DA:38,0
DA:39,0
DA:40,0
DA:42,0
DA:43,0
DA:44,0
DA:45,0
DA:48,0
DA:50,0
DA:51,0
DA:52,0
DA:53,0
DA:54,0
DA:55,0
DA:60,0
DA:62,0
DA:64,0
DA:65,0
DA:67,0
DA:68,0
DA:69,0
LF:39
LH:0
end_of_record
