TN:base
SF:/home/diogo/Documentos/codeflaws2/data/263-C/263-C-bug-2945363-2945487/263-C.c
FN:5,sm
FN:15,ph
FN:32,ttr
FN:53,tr
FN:63,main
FNDA:0,sm
FNDA:0,ph
FNDA:0,ttr
FNDA:0,tr
FNDA:0,main
FNF:5
FNH:0
DA:5,0
DA:6,0
DA:7,0
DA:8,0
DA:9,0
DA:10,0
DA:15,0
DA:16,0
DA:17,0
DA:18,0
DA:20,0
DA:21,0
DA:22,0
DA:24,0
DA:25,0
DA:26,0
DA:28,0
DA:32,0
DA:34,0
DA:35,0
DA:36,0
DA:37,0
DA:39,0
DA:42,0
DA:44,0
DA:45,0
DA:47,0
DA:53,0
DA:54,0
DA:55,0
DA:56,0
DA:57,0
DA:60,0
DA:63,0
DA:65,0
DA:67,0
DA:68,0
DA:69,0
DA:70,0
DA:71,0
DA:73,0
DA:74,0
DA:77,0
DA:78,0
DA:84,0
DA:85,0
DA:93,0
DA:94,0
DA:96,0
DA:97,0
DA:100,0
DA:102,0
DA:105,0
DA:106,0
DA:108,0
DA:109,0
DA:110,0
DA:111,0
DA:115,0
LF:59
LH:0
end_of_record
