TN:base
SF:/home/diogo/Documentos/codeflaws2/data/38-B/38-B-bug-6641526-6641594/38-B.c
FN:11,main
FN:59,verificarTablero
FN:74,ponerTorre
FN:89,ponerCaballo
FN:108,imprimir
FNDA:0,main
FNDA:0,verificarTablero
FNDA:0,ponerTorre
FNDA:0,ponerCaballo
FNDA:0,imprimir
FNF:5
FNH:0
DA:11,0
DA:13,0
DA:15,0
DA:16,0
DA:18,0
DA:20,0
DA:21,0
DA:22,0
DA:23,0
DA:27,0
DA:28,0
DA:29,0
DA:35,0
DA:39,0
DA:41,0
DA:43,0
DA:44,0
DA:45,0
DA:47,0
DA:49,0
DA:50,0
DA:54,0
DA:56,0
DA:59,0
DA:62,0
DA:64,0
DA:66,0
DA:67,0
DA:71,0
DA:74,0
DA:78,0
DA:80,0
DA:81,0
DA:84,0
DA:87,0
DA:89,0
DA:93,0
DA:94,0
DA:96,0
DA:98,0
DA:99,0
DA:101,0
DA:102,0
DA:104,0
DA:107,0
DA:108,0
DA:111,0
DA:113,0
DA:114,0
DA:116,0
DA:118,0
LF:51
LH:0
end_of_record
