TN:base
SF:/home/diogo/Documentos/codeflaws2/data/47-D/47-D-bug-7071163-7071191/47-D.c
FN:19,binarySearch
FN:47,check
FN:79,generate
FN:98,combination
FN:116,main
FNDA:0,binarySearch
FNDA:0,check
FNDA:0,generate
FNDA:0,combination
FNDA:0,main
FNF:5
FNH:0
DA:19,0
DA:23,0
DA:24,0
DA:26,0
DA:28,0
DA:30,0
DA:32,0
DA:34,0
DA:36,0
DA:40,0
DA:44,0
DA:47,0
DA:53,0
DA:55,0
DA:57,0
DA:58,0
DA:60,0
DA:62,0
DA:66,0
DA:68,0
DA:69,0
DA:73,0
DA:75,0
DA:77,0
DA:79,0
DA:83,0
DA:85,0
DA:87,0
DA:91,0
DA:95,0
DA:96,0
DA:98,0
DA:102,0
DA:104,0
DA:105,0
DA:108,0
DA:110,0
DA:111,0
DA:112,0
DA:116,0
DA:120,0
DA:122,0
DA:124,0
DA:126,0
DA:128,0
DA:131,0
DA:134,0
DA:135,0
DA:136,0
DA:138,0
DA:140,0
DA:142,0
LF:52
LH:0
end_of_record
