TN:base
SF:/home/diogo/Documentos/codeflaws2/data/113-A/113-A-bug-683826-683913/113-A.c
FN:11,ends
FN:20,ismale
FN:27,isfemale
FN:34,isadjective
FN:38,issub
FN:42,isverb
FN:46,gettype
FN:53,getgender
FN:59,main
FNDA:0,ends
FNDA:0,ismale
FNDA:0,isfemale
FNDA:0,isadjective
FNDA:0,issub
FNDA:0,isverb
FNDA:0,gettype
FNDA:0,getgender
FNDA:0,main
FNF:9
FNH:0
DA:11,0
DA:12,0
DA:13,0
DA:15,0
DA:16,0
DA:17,0
DA:20,0
DA:21,0
DA:22,0
DA:23,0
DA:24,0
DA:27,0
DA:28,0
DA:29,0
DA:30,0
DA:31,0
DA:34,0
DA:35,0
DA:38,0
DA:39,0
DA:42,0
DA:43,0
DA:46,0
DA:47,0
DA:48,0
DA:49,0
DA:50,0
DA:53,0
DA:54,0
DA:55,0
DA:56,0
DA:59,0
DA:60,0
DA:62,0
DA:63,0
DA:64,0
DA:65,0
DA:66,0
DA:67,0
DA:68,0
DA:69,0
DA:70,0
DA:71,0
DA:72,0
DA:73,0
DA:75,0
DA:76,0
DA:77,0
DA:78,0
DA:79,0
DA:80,0
DA:82,0
DA:84,0
LF:53
LH:0
end_of_record
