TN:base
SF:/home/diogo/Documentos/codeflaws2/data/108-A/108-A-bug-8712381-8712503/108-A.c
FN:14,main
FN:36,espalindromo
FN:50,siguientePalindromo
FNDA:0,main
FNDA:0,espalindromo
FNDA:0,siguientePalindromo
FNF:3
FNH:0
DA:14,0
DA:18,0
DA:19,0
DA:20,0
DA:22,0
DA:24,0
DA:25,0
DA:27,0
DA:29,0
DA:31,0
DA:36,0
DA:38,0
DA:39,0
DA:40,0
DA:42,0
DA:43,0
DA:45,0
DA:50,0
DA:57,0
DA:58,0
DA:59,0
DA:62,0
DA:64,0
DA:66,0
DA:69,0
DA:71,0
DA:72,0
DA:74,0
DA:76,0
DA:77,0
DA:78,0
DA:81,0
DA:83,0
DA:84,0
DA:88,0
DA:89,0
DA:91,0
LF:37
LH:0
end_of_record
