TN:base
SF:/home/diogo/Documentos/codeflaws2/data/334-B/334-B-bug-4247038-4247041/334-B.c
FN:10,compare
FN:18,main
FNDA:0,compare
FNDA:0,main
FNF:2
FNH:0
DA:10,0
DA:12,0
DA:13,0
DA:14,0
DA:18,0
DA:22,0
DA:24,0
DA:26,0
DA:28,0
DA:29,0
DA:30,0
DA:31,0
DA:32,0
DA:33,0
DA:34,0
DA:35,0
DA:36,0
DA:37,0
DA:40,0
DA:41,0
DA:42,0
DA:43,0
DA:46,0
DA:47,0
DA:49,0
DA:50,0
DA:51,0
DA:52,0
DA:53,0
DA:55,0
DA:56,0
DA:58,0
DA:59,0
DA:61,0
DA:62,0
DA:65,0
DA:66,0
DA:67,0
DA:68,0
DA:69,0
DA:70,0
DA:71,0
DA:72,0
DA:73,0
DA:75,0
DA:79,0
LF:46
LH:0
end_of_record
