TN:base
SF:/home/diogo/Documentos/codeflaws2/data/202-B/202-B-bug-1874146-1874164/202-B.c
FN:10,issubsequence
FN:24,getinversion
FN:33,permutation
FN:55,main
FNDA:0,issubsequence
FNDA:0,getinversion
FNDA:0,permutation
FNDA:0,main
FNF:4
FNH:0
DA:10,0
DA:12,0
DA:13,0
DA:14,0
DA:15,0
DA:16,0
DA:17,0
DA:21,0
DA:24,0
DA:26,0
DA:27,0
DA:28,0
DA:29,0
DA:31,0
DA:33,0
DA:35,0
DA:36,0
DA:37,0
DA:38,0
DA:39,0
DA:40,0
DA:41,0
DA:45,0
DA:46,0
DA:47,0
DA:48,0
DA:49,0
DA:50,0
DA:51,0
DA:53,0
DA:55,0
DA:58,0
DA:59,0
DA:60,0
DA:61,0
DA:62,0
DA:63,0
DA:64,0
DA:65,0
DA:67,0
DA:68,0
DA:69,0
DA:70,0
DA:71,0
DA:72,0
DA:73,0
DA:75,0
DA:77,0
LF:48
LH:0
end_of_record
