TN:base
SF:/home/diogo/Documentos/codeflaws2/data/474-C/fix/474-C.c
FN:4,rotate
FN:10,get_length
FN:15,compare_int
FN:27,print_array
FN:35,check_for_square
FN:62,get_steps
FN:88,main
FNDA:0,rotate
FNDA:0,get_length
FNDA:0,compare_int
FNDA:0,print_array
FNDA:0,check_for_square
FNDA:0,get_steps
FNDA:0,main
FNF:7
FNH:0
DA:4,0
DA:5,0
DA:6,0
DA:7,0
DA:8,0
DA:10,0
DA:11,0
DA:12,0
DA:15,0
DA:16,0
DA:17,0
DA:19,0
DA:20,0
DA:23,0
DA:27,0
DA:29,0
DA:30,0
DA:32,0
DA:33,0
DA:35,0
DA:39,0
DA:40,0
DA:44,0
DA:45,0
DA:46,0
DA:50,0
DA:54,0
DA:55,0
DA:58,0
DA:62,0
DA:68,0
DA:69,0
DA:70,0
DA:71,0
DA:73,0
DA:74,0
DA:75,0
DA:78,0
DA:80,0
DA:82,0
DA:84,0
DA:86,0
DA:88,0
DA:91,0
DA:99,0
DA:101,0
DA:103,0
DA:104,0
DA:105,0
DA:107,0
DA:108,0
DA:111,0
DA:113,0
DA:114,0
DA:117,0
DA:120,0
DA:124,0
LF:57
LH:0
end_of_record
