TN:base
SF:/home/diogo/Documentos/codeflaws2/data/147-B/147-B-bug-1016631-1016640/147-B.c
FN:4,max
FN:10,mul
FN:23,main
FNDA:0,max
FNDA:0,mul
FNDA:0,main
FNF:3
FNH:0
DA:4,0
DA:5,0
DA:10,0
DA:13,0
DA:14,0
DA:15,0
DA:16,0
DA:17,0
DA:20,0
DA:21,0
DA:23,0
DA:25,0
DA:29,0
DA:30,0
DA:31,0
DA:33,0
DA:34,0
DA:35,0
DA:36,0
DA:41,0
DA:42,0
DA:43,0
DA:44,0
DA:47,0
DA:48,0
DA:49,0
DA:55,0
DA:56,0
DA:57,0
DA:59,0
DA:60,0
DA:61,0
DA:62,0
DA:63,0
DA:64,0
DA:65,0
DA:68,0
DA:69,0
DA:70,0
DA:72,0
DA:73,0
DA:75,0
DA:78,0
DA:79,0
DA:81,0
DA:83,0
LF:46
LH:0
end_of_record
