TN:base
SF:/home/diogo/Documentos/codeflaws2/data/115-A/115-A-bug-11971331-11971340/115-A.c
FN:27,IsEmpty
FN:32,Enqueue
FN:37,Dequeue
FN:42,main
FNDA:0,IsEmpty
FNDA:0,Enqueue
FNDA:0,Dequeue
FNDA:0,main
FNF:4
FNH:0
DA:27,0
DA:29,0
DA:30,0
DA:32,0
DA:34,0
DA:35,0
DA:36,0
DA:37,0
DA:39,0
DA:40,0
DA:42,0
DA:44,0
DA:45,0
DA:47,0
DA:48,0
DA:50,0
DA:52,0
DA:54,0
DA:56,0
DA:58,0
DA:60,0
DA:61,0
DA:62,0
DA:64,0
DA:67,0
DA:69,0
DA:71,0
DA:72,0
DA:74,0
DA:75,0
DA:77,0
DA:79,0
DA:80,0
DA:81,0
DA:87,0
DA:90,0
LF:36
LH:0
end_of_record
