TN:base
SF:/home/diogo/Documentos/codeflaws2/data/133-E/fix/133-E.c
FN:13,min
FN:14,max
FN:15,updMax
FN:19,abs
FN:21,updMin
FN:26,main
FNDA:0,min
FNDA:0,max
FNDA:0,updMax
FNDA:0,abs
FNDA:0,updMin
FNDA:0,main
FNF:6
FNH:0
DA:13,0
DA:14,0
DA:15,0
DA:16,0
DA:17,0
DA:19,0
DA:21,0
DA:22,0
DA:23,0
DA:26,0
DA:28,0
DA:29,0
DA:31,0
DA:32,0
DA:33,0
DA:34,0
DA:35,0
DA:37,0
DA:38,0
DA:39,0
DA:40,0
DA:41,0
DA:42,0
DA:43,0
DA:44,0
DA:46,0
DA:47,0
DA:49,0
DA:50,0
DA:52,0
DA:53,0
DA:56,0
DA:57,0
DA:58,0
DA:59,0
DA:61,0
DA:62,0
DA:64,0
DA:65,0
DA:67,0
DA:68,0
DA:73,0
DA:74,0
DA:75,0
DA:76,0
DA:77,0
DA:78,0
DA:79,0
DA:82,0
DA:83,0
LF:50
LH:0
end_of_record
