TN:base
SF:/home/diogo/Documentos/codeflaws2/data/271-B/271-B-bug-4569200-4569232/271-B.c
FN:4,prime
FN:25,bsearch
FN:57,main
FNDA:0,prime
FNDA:0,bsearch
FNDA:0,main
FNF:3
FNH:0
DA:4,0
DA:6,0
DA:7,0
DA:9,0
DA:11,0
DA:14,0
DA:15,0
DA:17,0
DA:24,0
DA:25,0
DA:27,0
DA:28,0
DA:29,0
DA:30,0
DA:32,0
DA:34,0
DA:35,0
DA:37,0
DA:39,0
DA:41,0
DA:44,0
DA:46,0
DA:50,0
DA:51,0
DA:53,0
DA:57,0
DA:60,0
DA:61,0
DA:62,0
DA:64,0
DA:66,0
DA:71,0
DA:73,0
DA:74,0
DA:78,0
DA:81,0
DA:83,0
DA:84,0
DA:85,0
DA:90,0
DA:91,0
DA:100,0
DA:102,0
DA:103,0
DA:106,0
DA:109,0
DA:112,0
DA:113,0
DA:118,0
DA:120,0
LF:50
LH:0
end_of_record
