TN:base
SF:/home/diogo/Documentos/codeflaws2/data/222-E/222-E-bug-3016637-3016641/222-E.c
FN:14,multiply
FN:24,matexp
FN:45,main
FNDA:0,multiply
FNDA:0,matexp
FNDA:0,main
FNF:3
FNH:0
DA:14,0
DA:17,0
DA:18,0
DA:19,0
DA:20,0
DA:21,0
DA:24,0
DA:28,0
DA:29,0
DA:30,0
DA:31,0
DA:32,0
DA:33,0
DA:34,0
DA:35,0
DA:36,0
DA:38,0
DA:39,0
DA:42,0
DA:45,0
DA:50,0
DA:52,0
DA:54,0
DA:55,0
DA:56,0
DA:58,0
DA:59,0
DA:60,0
DA:61,0
DA:62,0
DA:63,0
DA:66,0
DA:68,0
DA:69,0
DA:70,0
DA:72,0
DA:74,0
LF:37
LH:0
end_of_record
