TN:base
SF:/home/diogo/Documentos/codeflaws2/data/1-C/1-C-bug-13350774-13350779/1-C.c
FN:15,isNGoodForAngles
FN:59,findSquare
FN:76,findLength
FN:91,setPoint
FN:97,findAngle
FN:122,main
FNDA:0,isNGoodForAngles
FNDA:0,findSquare
FNDA:0,findLength
FNDA:0,setPoint
FNDA:0,findAngle
FNDA:0,main
FNF:6
FNH:0
DA:15,0
DA:17,0
DA:18,0
DA:24,0
DA:27,0
DA:28,0
DA:29,0
DA:31,0
DA:32,0
DA:33,0
DA:45,0
DA:56,0
DA:59,0
DA:65,0
DA:67,0
DA:69,0
DA:71,0
DA:73,0
DA:76,0
DA:80,0
DA:81,0
DA:83,0
DA:84,0
DA:88,0
DA:91,0
DA:93,0
DA:94,0
DA:97,0
DA:101,0
DA:102,0
DA:104,0
DA:105,0
DA:107,0
DA:108,0
DA:111,0
DA:119,0
DA:122,0
DA:128,0
DA:129,0
DA:130,0
DA:132,0
DA:133,0
DA:134,0
DA:136,0
DA:137,0
DA:138,0
DA:144,0
DA:147,0
DA:148,0
DA:149,0
DA:151,0
DA:155,0
DA:172,0
DA:173,0
DA:174,0
DA:185,0
DA:188,0
DA:190,0
DA:191,0
DA:200,0
DA:202,0
LF:61
LH:0
end_of_record
