TN:base
SF:/home/diogo/Documentos/codeflaws2/data/370-B/370-B-bug-5376603-5376642/370-B.c
FN:11,cmp
FN:16,find
FN:34,main
FNDA:0,cmp
FNDA:0,find
FNDA:0,main
FNF:3
FNH:0
DA:11,0
DA:13,0
DA:16,0
DA:19,0
DA:20,0
DA:21,0
DA:23,0
DA:24,0
DA:25,0
DA:26,0
DA:27,0
DA:29,0
DA:31,0
DA:34,0
DA:38,0
DA:40,0
DA:41,0
DA:42,0
DA:44,0
DA:45,0
DA:46,0
DA:48,0
DA:50,0
DA:52,0
DA:54,0
DA:56,0
DA:58,0
DA:59,0
DA:61,0
DA:63,0
DA:64,0
DA:66,0
DA:68,0
DA:69,0
DA:70,0
DA:71,0
DA:76,0
DA:78,0
DA:79,0
DA:81,0
DA:82,0
DA:87,0
DA:88,0
DA:90,0
LF:44
LH:0
end_of_record
