TN:base
SF:/home/diogo/Documentos/codeflaws2/data/304-B/304-B-bug-3717276-3717282/304-B.c
FN:14,_is_leapyear
FN:25,get_cal
FN:44,print_cal
FN:49,diff_cal
FN:86,main
FNDA:0,_is_leapyear
FNDA:0,get_cal
FNDA:0,print_cal
FNDA:0,diff_cal
FNDA:0,main
FNF:5
FNH:0
DA:14,0
DA:16,0
DA:17,0
DA:18,0
DA:20,0
DA:22,0
DA:25,0
DA:31,0
DA:32,0
DA:34,0
DA:35,0
DA:36,0
DA:38,0
DA:39,0
DA:40,0
DA:41,0
DA:44,0
DA:46,0
DA:47,0
DA:49,0
DA:54,0
DA:55,0
DA:57,0
DA:58,0
DA:60,0
DA:63,0
DA:64,0
DA:65,0
DA:68,0
DA:69,0
DA:71,0
DA:74,0
DA:75,0
DA:76,0
DA:78,0
DA:79,0
DA:81,0
DA:83,0
DA:86,0
DA:91,0
DA:92,0
DA:95,0
DA:96,0
DA:98,0
DA:99,0
DA:100,0
DA:102,0
DA:104,0
DA:105,0
LF:49
LH:0
end_of_record
