TN:base
SF:/home/diogo/Documentos/codeflaws2/data/486-C/486-C-bug-17883008-17883033/486-C.c
FN:9,main
FN:65,valorAbsoluto
FN:71,minimo
FN:78,esPalindromo
FN:89,suma
FN:97,crear
FNDA:0,main
FNDA:0,valorAbsoluto
FNDA:0,minimo
FNDA:0,esPalindromo
FNDA:0,suma
FNDA:0,crear
FNF:6
FNH:0
DA:9,0
DA:11,0
DA:14,0
DA:16,0
DA:18,0
DA:20,0
DA:22,0
DA:23,0
DA:25,0
DA:26,0
DA:30,0
DA:31,0
DA:32,0
DA:33,0
DA:34,0
DA:38,0
DA:39,0
DA:40,0
DA:42,0
DA:43,0
DA:44,0
DA:45,0
DA:48,0
DA:49,0
DA:50,0
DA:51,0
DA:54,0
DA:56,0
DA:57,0
DA:60,0
DA:63,0
DA:65,0
DA:66,0
DA:67,0
DA:69,0
DA:71,0
DA:72,0
DA:73,0
DA:74,0
DA:75,0
DA:76,0
DA:78,0
DA:79,0
DA:81,0
DA:82,0
DA:83,0
DA:84,0
DA:87,0
DA:89,0
DA:90,0
DA:92,0
DA:93,0
DA:95,0
DA:97,0
DA:98,0
DA:100,0
LF:56
LH:0
end_of_record
