TN:trace18
SF:/home/diogo/Documents/Pesquisa/45-A/v2/45-A.c
FN:402,main
FNDA:1,main
FNF:1
FNH:1
DA:402,1
DA:406,1
DA:407,1
DA:408,1
DA:409,0
DA:411,1
DA:412,0
DA:414,1
DA:415,0
DA:417,1
DA:418,0
DA:420,1
DA:421,0
DA:423,1
DA:424,0
DA:426,1
DA:427,0
DA:429,1
DA:430,0
DA:432,1
DA:433,0
DA:435,1
DA:436,0
DA:438,1
DA:439,0
DA:442,1
DA:444,1
DA:445,1
DA:446,1
DA:447,1
DA:449,0
DA:450,0
DA:452,0
DA:453,0
DA:455,0
DA:456,0
DA:458,0
DA:459,0
DA:461,0
DA:462,0
DA:464,0
DA:465,0
DA:467,0
DA:468,0
DA:470,0
DA:471,0
DA:473,0
DA:474,0
DA:476,0
DA:477,0
DA:479,0
DA:480,0
DA:482,0
DA:483,0
DA:486,0
DA:488,1
LF:56
LH:20
end_of_record
