TN:base
SF:/home/diogo/Documentos/codeflaws2/data/190-C/190-C-bug-1704844-1704847/190-C.c
FN:18,make_null_tree
FN:23,create_node
FN:35,out_put
FN:52,main
FNDA:0,make_null_tree
FNDA:0,create_node
FNDA:0,out_put
FNDA:0,main
FNF:4
FNH:0
DA:18,0
DA:20,0
DA:21,0
DA:23,0
DA:25,0
DA:26,0
DA:27,0
DA:29,0
DA:30,0
DA:31,0
DA:32,0
DA:35,0
DA:38,0
DA:39,0
DA:41,0
DA:43,0
DA:44,0
DA:45,0
DA:46,0
DA:47,0
DA:49,0
DA:52,0
DA:58,0
DA:59,0
DA:60,0
DA:63,0
DA:64,0
DA:65,0
DA:66,0
DA:67,0
DA:68,0
DA:69,0
DA:71,0
DA:73,0
DA:75,0
DA:76,0
DA:78,0
DA:79,0
DA:83,0
DA:84,0
DA:85,0
DA:87,0
DA:89,0
DA:90,0
DA:92,0
DA:93,0
DA:95,0
DA:96,0
DA:98,0
DA:100,0
DA:101,0
DA:102,0
DA:103,0
DA:107,0
DA:108,0
DA:113,0
DA:115,0
DA:116,0
DA:117,0
DA:118,0
DA:120,0
DA:122,0
DA:123,0
DA:124,0
DA:125,0
DA:126,0
DA:130,0
DA:131,0
DA:136,0
DA:138,0
DA:139,0
DA:141,0
DA:142,0
LF:73
LH:0
end_of_record
