TN:base
SF:/home/diogo/Documentos/codeflaws2/data/680-A/680-A-bug-18329193-18329299/680-A.c
FN:14,quickSort
FN:56,main
FNDA:0,quickSort
FNDA:0,main
FNF:2
FNH:0
DA:14,0
DA:16,0
DA:17,0
DA:20,0
DA:22,0
DA:25,0
DA:27,0
DA:29,0
DA:31,0
DA:33,0
DA:36,0
DA:37,0
DA:39,0
DA:41,0
DA:43,0
DA:45,0
DA:48,0
DA:49,0
DA:52,0
DA:53,0
DA:56,0
DA:59,0
DA:60,0
DA:62,0
DA:63,0
DA:66,0
DA:67,0
DA:68,0
DA:70,0
DA:72,0
DA:74,0
DA:79,0
DA:81,0
DA:82,0
DA:86,0
DA:90,0
DA:92,0
DA:96,0
DA:98,0
DA:100,0
DA:104,0
DA:109,0
DA:112,0
DA:114,0
LF:44
LH:0
end_of_record
