TN:base
SF:/home/diogo/Documentos/codeflaws2/data/22-D/22-D-bug-17912738-17912936/22-D.c
FN:12,main
FN:52,min
FN:60,max
FN:67,ordenar
FNDA:0,main
FNDA:0,min
FNDA:0,max
FNDA:0,ordenar
FNF:4
FNH:0
DA:12,0
DA:13,0
DA:14,0
DA:15,0
DA:16,0
DA:17,0
DA:18,0
DA:19,0
DA:20,0
DA:21,0
DA:23,0
DA:24,0
DA:25,0
DA:26,0
DA:27,0
DA:28,0
DA:29,0
DA:30,0
DA:31,0
DA:32,0
DA:34,0
DA:35,0
DA:37,0
DA:38,0
DA:42,0
DA:43,0
DA:44,0
DA:45,0
DA:47,0
DA:52,0
DA:53,0
DA:54,0
DA:56,0
DA:60,0
DA:61,0
DA:62,0
DA:64,0
DA:67,0
DA:70,0
DA:71,0
DA:72,0
DA:73,0
DA:74,0
DA:75,0
DA:76,0
DA:80,0
DA:81,0
DA:82,0
DA:83,0
DA:88,0
LF:50
LH:0
end_of_record
SF:/home/diogo/Documentos/codeflaws2/data/22-D/<built-in>
LF:0
LH:0
end_of_record
