TN:base
SF:/home/diogo/Documentos/codeflaws2/data/612-A/612-A-bug-18101020-18101086/612-A.c
FN:2,main
FNDA:0,main
FNF:1
FNH:0
DA:2,0
DA:6,0
DA:8,0
DA:10,0
DA:11,0
DA:14,0
DA:15,0
DA:17,0
DA:18,0
DA:19,0
DA:21,0
DA:22,0
DA:27,0
DA:29,0
DA:30,0
DA:32,0
DA:33,0
DA:34,0
DA:36,0
DA:37,0
DA:44,0
DA:46,0
DA:47,0
DA:48,0
DA:49,0
DA:50,0
DA:52,0
DA:54,0
DA:57,0
DA:59,0
DA:61,0
DA:62,0
DA:63,0
DA:65,0
DA:66,0
DA:69,0
DA:70,0
DA:72,0
DA:73,0
DA:74,0
DA:76,0
DA:77,0
LF:42
LH:0
end_of_record
SF:/home/diogo/Documentos/codeflaws2/data/612-A/<built-in>
LF:0
LH:0
end_of_record
