TN:base
SF:/home/diogo/Documentos/codeflaws2/data/471-D/471-D-bug-7969202-7969472/471-D.c
FN:7,KMPSearch
FN:50,computeLPSArray
FN:85,main
FNDA:0,KMPSearch
FNDA:0,computeLPSArray
FNDA:0,main
FNF:3
FNH:0
DA:7,0
DA:9,0
DA:10,0
DA:13,0
DA:15,0
DA:18,0
DA:20,0
DA:21,0
DA:23,0
DA:25,0
DA:26,0
DA:29,0
DA:32,0
DA:33,0
DA:37,0
DA:41,0
DA:42,0
DA:44,0
DA:47,0
DA:48,0
DA:50,0
DA:52,0
DA:55,0
DA:56,0
DA:59,0
DA:61,0
DA:63,0
DA:64,0
DA:65,0
DA:69,0
DA:72,0
DA:78,0
DA:79,0
DA:83,0
DA:85,0
DA:89,0
DA:90,0
DA:91,0
DA:92,0
DA:93,0
DA:94,0
DA:95,0
DA:96,0
DA:97,0
DA:100,0
DA:101,0
DA:102,0
LF:47
LH:0
end_of_record
