TN:base
SF:/home/diogo/Documentos/codeflaws2/data/7-B/7-B-bug-14690359-14690378/7-B.c
FN:9,main
FN:26,defrag
FN:40,alloc
FN:58,erase
FNDA:0,main
FNDA:0,defrag
FNDA:0,alloc
FNDA:0,erase
FNF:4
FNH:0
DA:9,0
DA:12,0
DA:13,0
DA:14,0
DA:15,0
DA:16,0
DA:17,0
DA:18,0
DA:19,0
DA:21,0
DA:24,0
DA:26,0
DA:28,0
DA:29,0
DA:30,0
DA:31,0
DA:32,0
DA:34,0
DA:36,0
DA:38,0
DA:39,0
DA:40,0
DA:41,0
DA:42,0
DA:43,0
DA:44,0
DA:45,0
DA:46,0
DA:49,0
DA:50,0
DA:51,0
DA:52,0
DA:53,0
DA:55,0
DA:57,0
DA:58,0
DA:60,0
DA:61,0
DA:62,0
DA:65,0
DA:66,0
DA:67,0
DA:68,0
DA:69,0
DA:73,0
DA:74,0
DA:76,0
LF:47
LH:0
end_of_record
