TN:base
SF:/home/diogo/Documentos/codeflaws2/data/262-A/<built-in>
LF:0
LH:0
end_of_record
SF:/home/diogo/Documentos/codeflaws2/data/262-A/fix/262-A.c
FN:17,sort
FN:25,merge
FN:32,main
FNDA:0,sort
FNDA:0,merge
FNDA:0,main
FNF:3
FNH:0
DA:17,0
DA:18,0
DA:19,0
DA:20,0
DA:21,0
DA:22,0
DA:23,0
DA:24,0
DA:25,0
DA:26,0
DA:27,0
DA:28,0
DA:29,0
DA:30,0
DA:32,0
DA:33,0
DA:34,0
DA:35,0
DA:36,0
DA:37,0
DA:38,0
DA:39,0
DA:40,0
DA:41,0
DA:42,0
DA:44,0
DA:45,0
DA:47,0
DA:48,0
DA:49,0
DA:50,0
DA:51,0
DA:53,0
LF:33
LH:0
end_of_record
