TN:base
SF:/home/diogo/Documentos/codeflaws2/data/38-B/38-B-bug-6667973-6668109/38-B.c
FN:8,main
FN:51,recorrer_torre
FN:71,recorrer_caballo
FNDA:0,main
FNDA:0,recorrer_torre
FNDA:0,recorrer_caballo
FNF:3
FNH:0
DA:8,0
DA:10,0
DA:16,0
DA:17,0
DA:19,0
DA:24,0
DA:25,0
DA:26,0
DA:28,0
DA:29,0
DA:31,0
DA:32,0
DA:33,0
DA:35,0
DA:37,0
DA:38,0
DA:39,0
DA:40,0
DA:42,0
DA:45,0
DA:47,0
DA:51,0
DA:56,0
DA:58,0
DA:62,0
DA:64,0
DA:67,0
DA:69,0
DA:71,0
DA:74,0
DA:75,0
DA:76,0
DA:77,0
DA:78,0
DA:79,0
DA:80,0
DA:81,0
DA:82,0
DA:83,0
LF:39
LH:0
end_of_record
