TN:base
SF:/home/diogo/Documentos/codeflaws2/data/344-D/fix/344-D.c
FN:5,push
FN:10,pop
FN:15,isempty
FN:21,full
FN:27,main
FNDA:0,push
FNDA:0,pop
FNDA:0,isempty
FNDA:0,full
FNDA:0,main
FNF:5
FNH:0
DA:5,0
DA:7,0
DA:8,0
DA:9,0
DA:10,0
DA:12,0
DA:13,0
DA:15,0
DA:17,0
DA:18,0
DA:19,0
DA:21,0
DA:23,0
DA:24,0
DA:25,0
DA:27,0
DA:29,0
DA:32,0
DA:33,0
DA:34,0
DA:35,0
DA:37,0
DA:39,0
DA:41,0
DA:42,0
DA:45,0
DA:46,0
DA:47,0
DA:52,0
DA:54,0
DA:55,0
DA:58,0
DA:59,0
DA:60,0
DA:66,0
DA:67,0
DA:68,0
DA:69,0
LF:38
LH:0
end_of_record
