TN:base
SF:/home/diogo/Documentos/codeflaws2/data/264-B/264-B-bug-11456450-11456490/264-B.c
FN:9,gcd
FN:17,mmax
FN:21,main
FNDA:0,gcd
FNDA:0,mmax
FNDA:0,main
FNF:3
FNH:0
DA:9,0
DA:11,0
DA:12,0
DA:13,0
DA:14,0
DA:15,0
DA:17,0
DA:19,0
DA:21,0
DA:24,0
DA:25,0
DA:26,0
DA:27,0
DA:29,0
DA:30,0
DA:31,0
DA:33,0
DA:34,0
DA:36,0
DA:38,0
DA:39,0
DA:41,0
DA:43,0
DA:45,0
DA:51,0
DA:52,0
DA:54,0
DA:55,0
DA:57,0
DA:59,0
DA:60,0
DA:62,0
DA:63,0
DA:64,0
DA:65,0
DA:67,0
DA:68,0
DA:73,0
DA:74,0
LF:39
LH:0
end_of_record
