TN:base
SF:/home/diogo/Documentos/codeflaws2/data/7-B/7-B-bug-17996348-17996371/7-B.c
FN:7,alloc
FN:28,defragment
FN:39,erase
FN:51,main
FNDA:0,alloc
FNDA:0,defragment
FNDA:0,erase
FNDA:0,main
FNF:4
FNH:0
DA:7,0
DA:10,0
DA:11,0
DA:12,0
DA:13,0
DA:14,0
DA:15,0
DA:17,0
DA:18,0
DA:19,0
DA:20,0
DA:21,0
DA:22,0
DA:25,0
DA:28,0
DA:31,0
DA:32,0
DA:33,0
DA:34,0
DA:35,0
DA:36,0
DA:37,0
DA:39,0
DA:40,0
DA:42,0
DA:43,0
DA:44,0
DA:45,0
DA:47,0
DA:48,0
DA:49,0
DA:51,0
DA:55,0
DA:56,0
DA:57,0
DA:58,0
DA:59,0
DA:60,0
DA:61,0
DA:62,0
DA:63,0
DA:64,0
DA:65,0
DA:66,0
DA:68,0
DA:70,0
LF:46
LH:0
end_of_record
