TN:base
SF:/home/diogo/Documentos/codeflaws2/data/515-B/515-B-bug-14858391-14858516/515-B.c
FN:4,GY
FN:13,main
FNDA:0,GY
FNDA:0,main
FNF:2
FNH:0
DA:4,0
DA:6,0
DA:7,0
DA:8,0
DA:9,0
DA:11,0
DA:13,0
DA:16,0
DA:18,0
DA:19,0
DA:20,0
DA:21,0
DA:23,0
DA:24,0
DA:26,0
DA:27,0
DA:29,0
DA:30,0
DA:32,0
DA:34,0
DA:35,0
DA:39,0
DA:40,0
DA:42,0
DA:43,0
DA:45,0
DA:46,0
DA:47,0
DA:49,0
DA:50,0
DA:52,0
DA:54,0
DA:56,0
DA:57,0
DA:60,0
DA:62,0
DA:64,0
DA:65,0
DA:69,0
DA:71,0
DA:72,0
DA:75,0
DA:76,0
DA:78,0
LF:44
LH:0
end_of_record
SF:/home/diogo/Documentos/codeflaws2/data/515-B/<built-in>
LF:0
LH:0
end_of_record
