TN:base
SF:/home/diogo/Documentos/codeflaws2/data/399-A/399-A-bug-6301206-6301231/399-A.c
FN:2,main
FNDA:0,main
FNF:1
FNH:0
DA:2,0
DA:6,0
DA:8,0
DA:10,0
DA:12,0
DA:13,0
DA:14,0
DA:15,0
DA:16,0
DA:17,0
DA:18,0
DA:20,0
DA:22,0
DA:23,0
DA:24,0
DA:25,0
DA:26,0
DA:27,0
DA:32,0
DA:33,0
DA:35,0
DA:36,0
DA:37,0
DA:38,0
DA:39,0
DA:40,0
DA:41,0
DA:43,0
DA:45,0
DA:46,0
DA:47,0
DA:48,0
DA:49,0
DA:50,0
LF:34
LH:0
end_of_record
SF:/home/diogo/Documentos/codeflaws2/data/399-A/<built-in>
LF:0
LH:0
end_of_record
