TN:base
SF:/home/diogo/Documentos/codeflaws2/data/59-C/59-C-bug-5636170-5648299/59-C.c
FN:5,fun
FN:54,main
FNDA:0,fun
FNDA:0,main
FNF:2
FNH:0
DA:5,0
DA:7,0
DA:9,0
DA:11,0
DA:13,0
DA:15,0
DA:17,0
DA:19,0
DA:20,0
DA:23,0
DA:29,0
DA:31,0
DA:33,0
DA:34,0
DA:39,0
DA:45,0
DA:49,0
DA:54,0
DA:57,0
DA:58,0
DA:60,0
DA:64,0
DA:66,0
DA:68,0
DA:70,0
DA:72,0
DA:76,0
DA:78,0
DA:82,0
DA:86,0
DA:88,0
DA:89,0
DA:94,0
DA:96,0
DA:98,0
DA:100,0
DA:101,0
DA:104,0
DA:108,0
DA:113,0
DA:115,0
DA:117,0
DA:118,0
DA:120,0
DA:121,0
DA:123,0
DA:127,0
DA:129,0
DA:130,0
DA:133,0
DA:135,0
DA:136,0
DA:139,0
DA:141,0
DA:142,0
DA:149,0
DA:151,0
DA:153,0
DA:154,0
DA:159,0
DA:160,0
DA:163,0
DA:165,0
DA:174,0
DA:176,0
DA:177,0
DA:182,0
DA:183,0
DA:186,0
DA:188,0
DA:196,0
DA:197,0
LF:72
LH:0
end_of_record
