TN:base
SF:/home/diogo/Documentos/codeflaws2/data/121-E/fix/121-E.c
FN:5,bit
FN:9,sum
FN:18,islucky
FN:30,update
FN:39,add
FN:46,count
FN:56,main
FNDA:0,bit
FNDA:0,sum
FNDA:0,islucky
FNDA:0,update
FNDA:0,add
FNDA:0,count
FNDA:0,main
FNF:7
FNH:0
DA:5,0
DA:7,0
DA:9,0
DA:11,0
DA:12,0
DA:14,0
DA:15,0
DA:17,0
DA:18,0
DA:20,0
DA:21,0
DA:23,0
DA:24,0
DA:25,0
DA:26,0
DA:28,0
DA:29,0
DA:30,0
DA:32,0
DA:33,0
DA:35,0
DA:36,0
DA:38,0
DA:39,0
DA:41,0
DA:42,0
DA:43,0
DA:44,0
DA:45,0
DA:46,0
DA:48,0
DA:49,0
DA:51,0
DA:52,0
DA:54,0
DA:56,0
DA:62,0
DA:63,0
DA:64,0
DA:65,0
DA:67,0
DA:69,0
DA:70,0
DA:72,0
DA:73,0
DA:75,0
DA:77,0
DA:78,0
DA:80,0
DA:81,0
DA:83,0
DA:85,0
DA:86,0
DA:89,0
LF:54
LH:0
end_of_record
