TN:base
SF:/home/diogo/Documentos/codeflaws2/data/95-B/95-B-bug-538188-538195/95-B.c
FN:5,lln
FN:87,main
FNDA:0,lln
FNDA:0,main
FNF:2
FNH:0
DA:5,0
DA:9,0
DA:11,0
DA:12,0
DA:15,0
DA:17,0
DA:19,0
DA:20,0
DA:21,0
DA:23,0
DA:25,0
DA:27,0
DA:29,0
DA:31,0
DA:32,0
DA:36,0
DA:41,0
DA:44,0
DA:46,0
DA:48,0
DA:49,0
DA:50,0
DA:52,0
DA:54,0
DA:56,0
DA:58,0
DA:62,0
DA:67,0
DA:70,0
DA:72,0
DA:73,0
DA:76,0
DA:78,0
DA:79,0
DA:82,0
DA:84,0
DA:87,0
DA:92,0
DA:94,0
DA:96,0
DA:98,0
DA:100,0
DA:102,0
DA:105,0
DA:107,0
DA:110,0
DA:114,0
DA:116,0
DA:118,0
DA:120,0
DA:123,0
DA:125,0
DA:128,0
DA:132,0
DA:135,0
LF:55
LH:0
end_of_record
