TN:base
SF:/home/diogo/Documentos/codeflaws2/data/416-C/416-C-bug-6343870-6347436/416-C.c
FN:8,inc
FN:11,cat
FN:52,run
FN:65,main
FNDA:0,inc
FNDA:0,cat
FNDA:0,run
FNDA:0,main
FNF:4
FNH:0
DA:8,0
DA:9,0
DA:11,0
DA:13,0
DA:14,0
DA:16,0
DA:17,0
DA:18,0
DA:20,0
DA:21,0
DA:22,0
DA:23,0
DA:24,0
DA:25,0
DA:26,0
DA:28,0
DA:29,0
DA:30,0
DA:31,0
DA:37,0
DA:38,0
DA:39,0
DA:40,0
DA:41,0
DA:42,0
DA:45,0
DA:46,0
DA:47,0
DA:48,0
DA:51,0
DA:52,0
DA:54,0
DA:55,0
DA:56,0
DA:58,0
DA:59,0
DA:60,0
DA:62,0
DA:64,0
DA:65,0
DA:66,0
DA:67,0
LF:42
LH:0
end_of_record
