TN:base
SF:/home/diogo/Documentos/codeflaws2/data/135-C/fix/135-C.c
FN:10,is_ok_00
FN:19,is_ok_11
FN:28,is_ok_01
FN:38,main
FNDA:0,is_ok_00
FNDA:0,is_ok_11
FNDA:0,is_ok_01
FNDA:0,main
FNF:4
FNH:0
DA:10,0
DA:11,0
DA:12,0
DA:13,0
DA:15,0
DA:16,0
DA:19,0
DA:20,0
DA:21,0
DA:22,0
DA:24,0
DA:25,0
DA:28,0
DA:29,0
DA:30,0
DA:31,0
DA:33,0
DA:34,0
DA:35,0
DA:38,0
DA:41,0
DA:43,0
DA:45,0
DA:46,0
DA:48,0
DA:49,0
DA:50,0
DA:51,0
DA:54,0
DA:55,0
DA:56,0
DA:57,0
DA:58,0
DA:59,0
DA:60,0
DA:61,0
DA:65,0
DA:66,0
DA:67,0
DA:68,0
DA:70,0
LF:41
LH:0
end_of_record
