TN:base
SF:/home/diogo/Documentos/codeflaws2/data/504-C/504-C-bug-9415737-9415929/504-C.c
FN:10,count_freq
FN:26,count_last
FN:60,flip_a
FN:71,count
FN:110,main
FNDA:0,count_freq
FNDA:0,count_last
FNDA:0,flip_a
FNDA:0,count
FNDA:0,main
FNF:5
FNH:0
DA:10,0
DA:14,0
DA:15,0
DA:16,0
DA:17,0
DA:24,0
DA:26,0
DA:29,0
DA:32,0
DA:33,0
DA:35,0
DA:44,0
DA:45,0
DA:47,0
DA:48,0
DA:50,0
DA:51,0
DA:52,0
DA:54,0
DA:57,0
DA:60,0
DA:64,0
DA:65,0
DA:66,0
DA:67,0
DA:69,0
DA:71,0
DA:77,0
DA:78,0
DA:79,0
DA:81,0
DA:83,0
DA:84,0
DA:85,0
DA:86,0
DA:87,0
DA:88,0
DA:89,0
DA:92,0
DA:93,0
DA:94,0
DA:95,0
DA:96,0
DA:98,0
DA:99,0
DA:100,0
DA:101,0
DA:104,0
DA:105,0
DA:107,0
DA:110,0
DA:114,0
DA:115,0
DA:116,0
DA:118,0
LF:55
LH:0
end_of_record
