TN:base
SF:/home/diogo/Documentos/codeflaws2/data/61-C/61-C-bug-299930-299933/61-C.c
FN:9,init
FN:12,nto10
FN:27,swap
FN:28,reverse
FN:33,_10ton
FN:48,roman
FN:84,main
FNDA:0,init
FNDA:0,nto10
FNDA:0,swap
FNDA:0,reverse
FNDA:0,_10ton
FNDA:0,roman
FNDA:0,main
FNF:7
FNH:0
DA:9,0
DA:10,0
DA:11,0
DA:12,0
DA:15,0
DA:16,0
DA:17,0
DA:18,0
DA:19,0
DA:20,0
DA:23,0
DA:25,0
DA:27,0
DA:28,0
DA:30,0
DA:31,0
DA:32,0
DA:33,0
DA:35,0
DA:36,0
DA:37,0
DA:38,0
DA:40,0
DA:41,0
DA:42,0
DA:48,0
DA:55,0
DA:57,0
DA:58,0
DA:59,0
DA:61,0
DA:62,0
DA:63,0
DA:64,0
DA:65,0
DA:66,0
DA:67,0
DA:68,0
DA:69,0
DA:70,0
DA:71,0
DA:72,0
DA:73,0
DA:74,0
DA:75,0
DA:79,0
DA:81,0
DA:82,0
DA:84,0
DA:86,0
DA:88,0
DA:89,0
DA:90,0
DA:91,0
DA:92,0
DA:93,0
DA:96,0
DA:99,0
LF:58
LH:0
end_of_record
