TN:base
SF:/home/diogo/Documentos/codeflaws2/data/442-A/fix/442-A.c
FN:9,compare
FN:13,hoge
FN:38,makeCombiB
FN:52,makeCombiA
FN:67,main
FNDA:0,compare
FNDA:0,hoge
FNDA:0,makeCombiB
FNDA:0,makeCombiA
FNDA:0,main
FNF:5
FNH:0
DA:9,0
DA:10,0
DA:13,0
DA:15,0
DA:17,0
DA:18,0
DA:19,0
DA:21,0
DA:22,0
DA:23,0
DA:25,0
DA:26,0
DA:27,0
DA:28,0
DA:29,0
DA:31,0
DA:33,0
DA:34,0
DA:35,0
DA:36,0
DA:38,0
DA:41,0
DA:42,0
DA:43,0
DA:46,0
DA:47,0
DA:48,0
DA:52,0
DA:55,0
DA:56,0
DA:57,0
DA:58,0
DA:61,0
DA:62,0
DA:63,0
DA:67,0
DA:71,0
DA:72,0
DA:75,0
DA:77,0
DA:80,0
DA:81,0
DA:83,0
DA:85,0
LF:44
LH:0
end_of_record
