TN:base
SF:/home/diogo/Documentos/codeflaws2/data/368-A/368-A-bug-10056259-10056302/368-A.c
FN:2,partition
FN:20,quick_sort
FN:30,main
FNDA:0,partition
FNDA:0,quick_sort
FNDA:0,main
FNF:3
FNH:0
DA:2,0
DA:4,0
DA:5,0
DA:7,0
DA:8,0
DA:9,0
DA:10,0
DA:11,0
DA:12,0
DA:15,0
DA:16,0
DA:17,0
DA:18,0
DA:20,0
DA:23,0
DA:24,0
DA:25,0
DA:26,0
DA:29,0
DA:30,0
DA:33,0
DA:34,0
DA:35,0
DA:36,0
DA:38,0
DA:39,0
DA:40,0
DA:41,0
DA:42,0
DA:44,0
DA:45,0
DA:48,0
DA:49,0
DA:50,0
DA:51,0
DA:53,0
DA:55,0
LF:37
LH:0
end_of_record
