TN:base
SF:/home/diogo/Documentos/codeflaws2/data/513-C/fix/513-C.c
FN:6,min
FN:11,max
FN:16,main
FNDA:0,min
FNDA:0,max
FNDA:0,main
FNF:3
FNH:0
DA:6,0
DA:8,0
DA:11,0
DA:13,0
DA:16,0
DA:24,0
DA:25,0
DA:26,0
DA:28,0
DA:29,0
DA:31,0
DA:33,0
DA:34,0
DA:36,0
DA:38,0
DA:40,0
DA:41,0
DA:43,0
DA:44,0
DA:46,0
DA:47,0
DA:49,0
DA:51,0
DA:52,0
DA:54,0
DA:56,0
DA:57,0
DA:60,0
DA:61,0
DA:63,0
DA:66,0
DA:69,0
DA:71,0
DA:72,0
DA:74,0
DA:75,0
DA:77,0
DA:78,0
DA:80,0
DA:82,0
DA:83,0
DA:85,0
DA:87,0
DA:88,0
DA:91,0
DA:92,0
DA:94,0
DA:97,0
DA:102,0
DA:104,0
LF:50
LH:0
end_of_record
