TN:base
SF:/home/diogo/Documentos/codeflaws2/data/385-A/385-A-bug-12308294-12308311/385-A.c
FN:10,sort
FN:36,partition
FN:52,Gcd
FN:62,main
FNDA:0,sort
FNDA:0,partition
FNDA:0,Gcd
FNDA:0,main
FNF:4
FNH:0
DA:10,0
DA:11,0
DA:12,0
DA:14,0
DA:16,0
DA:17,0
DA:19,0
DA:24,0
DA:25,0
DA:27,0
DA:28,0
DA:30,0
DA:31,0
DA:34,0
DA:36,0
DA:38,0
DA:39,0
DA:41,0
DA:43,0
DA:44,0
DA:47,0
DA:52,0
DA:54,0
DA:55,0
DA:57,0
DA:62,0
DA:63,0
DA:67,0
DA:69,0
DA:71,0
DA:72,0
DA:74,0
DA:75,0
DA:77,0
DA:79,0
LF:35
LH:0
end_of_record
