TN:base
SF:/home/diogo/Documentos/codeflaws2/data/353-B/fix/353-B.c
FN:4,main
FNDA:0,main
FNF:1
FNH:0
DA:4,0
DA:6,0
DA:7,0
DA:8,0
DA:9,0
DA:10,0
DA:11,0
DA:12,0
DA:13,0
DA:15,0
DA:18,0
DA:20,0
DA:21,0
DA:24,0
DA:26,0
DA:29,0
DA:31,0
DA:33,0
DA:35,0
DA:37,0
DA:38,0
DA:39,0
DA:40,0
DA:41,0
DA:42,0
DA:46,0
DA:47,0
DA:48,0
DA:49,0
DA:50,0
DA:51,0
DA:56,0
DA:57,0
DA:58,0
DA:59,0
DA:60,0
DA:66,0
DA:68,0
DA:70,0
DA:72,0
DA:73,0
DA:74,0
DA:78,0
DA:84,0
DA:86,0
DA:88,0
DA:89,0
DA:93,0
DA:97,0
DA:99,0
DA:101,0
DA:104,0
LF:52
LH:0
end_of_record
