TN:base
SF:/home/diogo/Documentos/codeflaws2/data/260-B/260-B-bug-2879078-2879086/260-B.c
FN:41,is_dig
FN:47,is_hyph
FN:53,stoi
FN:59,stoi_dd_mm
FN:65,stoi_yyyy
FN:71,last_day
FN:92,check_format
FN:140,cmp
FN:145,switch_to_yyyymmdd
FN:165,max
FN:196,switch_to_ddmmyyyy
FN:216,main
FNDA:0,is_dig
FNDA:0,is_hyph
FNDA:0,stoi
FNDA:0,stoi_dd_mm
FNDA:0,stoi_yyyy
FNDA:0,last_day
FNDA:0,check_format
FNDA:0,cmp
FNDA:0,switch_to_yyyymmdd
FNDA:0,max
FNDA:0,switch_to_ddmmyyyy
FNDA:0,main
FNF:12
FNH:0
DA:41,0
DA:43,0
DA:47,0
DA:49,0
DA:53,0
DA:55,0
DA:59,0
DA:61,0
DA:65,0
DA:67,0
DA:71,0
DA:73,0
DA:75,0
DA:76,0
DA:77,0
DA:78,0
DA:79,0
DA:80,0
DA:81,0
DA:82,0
DA:83,0
DA:84,0
DA:85,0
DA:86,0
DA:87,0
DA:92,0
DA:95,0
DA:97,0
DA:99,0
DA:100,0
DA:101,0
DA:102,0
DA:107,0
DA:108,0
DA:110,0
DA:112,0
DA:113,0
DA:114,0
DA:116,0
DA:121,0
DA:122,0
DA:124,0
DA:125,0
DA:127,0
DA:129,0
DA:130,0
DA:131,0
DA:132,0
DA:135,0
DA:136,0
DA:137,0
DA:140,0
DA:142,0
DA:145,0
DA:149,0
DA:151,0
DA:152,0
DA:153,0
DA:154,0
DA:155,0
DA:156,0
DA:157,0
DA:158,0
DA:159,0
DA:160,0
DA:161,0
DA:163,0
DA:165,0
DA:167,0
DA:169,0
DA:170,0
DA:172,0
DA:174,0
DA:179,0
DA:181,0
DA:182,0
DA:184,0
DA:185,0
DA:189,0
DA:190,0
DA:191,0
DA:196,0
DA:200,0
DA:202,0
DA:203,0
DA:204,0
DA:205,0
DA:206,0
DA:207,0
DA:208,0
DA:209,0
DA:210,0
DA:211,0
DA:212,0
DA:214,0
DA:216,0
DA:220,0
DA:221,0
DA:222,0
DA:223,0
DA:225,0
DA:227,0
DA:228,0
DA:229,0
DA:230,0
DA:231,0
DA:232,0
DA:235,0
DA:236,0
DA:237,0
DA:238,0
DA:239,0
DA:240,0
LF:113
LH:0
end_of_record
