TN:base
SF:/home/diogo/Documentos/codeflaws2/data/12-B/12-B-bug-11080808-11080878/12-B.c
FN:3,insertionsort
FN:18,main
FNDA:0,insertionsort
FNDA:0,main
FNF:2
FNH:0
DA:3,0
DA:5,0
DA:6,0
DA:8,0
DA:9,0
DA:10,0
DA:12,0
DA:13,0
DA:15,0
DA:17,0
DA:18,0
DA:22,0
DA:23,0
DA:24,0
DA:25,0
DA:26,0
DA:28,0
DA:29,0
DA:30,0
DA:31,0
DA:32,0
DA:34,0
DA:35,0
DA:38,0
DA:39,0
DA:40,0
DA:41,0
DA:42,0
DA:43,0
DA:45,0
DA:47,0
DA:52,0
DA:54,0
DA:57,0
DA:58,0
DA:61,0
DA:64,0
DA:65,0
DA:67,0
DA:68,0
LF:40
LH:0
end_of_record
