TN:base
SF:/home/diogo/Documentos/codeflaws2/data/142-E/142-E-bug-1258756-1258757/142-E.c
FN:12,print
FN:13,swap
FN:14,hypot3
FN:15,angle
FN:19,hh
FN:28,g
FN:44,f
FN:52,main
FNDA:0,print
FNDA:0,swap
FNDA:0,hypot3
FNDA:0,angle
FNDA:0,hh
FNDA:0,g
FNDA:0,f
FNDA:0,main
FNF:8
FNH:0
DA:12,0
DA:13,0
DA:14,0
DA:15,0
DA:19,0
DA:21,0
DA:22,0
DA:23,0
DA:24,0
DA:25,0
DA:28,0
DA:31,0
DA:32,0
DA:33,0
DA:35,0
DA:36,0
DA:37,0
DA:38,0
DA:39,0
DA:41,0
DA:44,0
DA:45,0
DA:46,0
DA:47,0
DA:48,0
DA:49,0
DA:52,0
DA:54,0
DA:56,0
DA:57,0
DA:58,0
DA:59,0
DA:60,0
DA:61,0
DA:62,0
DA:63,0
DA:65,0
DA:66,0
DA:67,0
DA:68,0
DA:69,0
DA:70,0
DA:71,0
DA:73,0
DA:76,0
DA:77,0
DA:78,0
DA:79,0
DA:80,0
DA:81,0
DA:82,0
DA:84,0
DA:85,0
DA:86,0
DA:87,0
LF:55
LH:0
end_of_record
