TN:base
SF:/home/diogo/Documentos/codeflaws2/data/204-A/204-A-bug-10222131-10222140/204-A.c
FN:5,power
FN:15,length
FN:28,first
FN:32,middle
FN:36,nways
FN:60,main
FNDA:0,power
FNDA:0,length
FNDA:0,first
FNDA:0,middle
FNDA:0,nways
FNDA:0,main
FNF:6
FNH:0
DA:5,0
DA:6,0
DA:8,0
DA:9,0
DA:11,0
DA:12,0
DA:15,0
DA:16,0
DA:18,0
DA:20,0
DA:21,0
DA:22,0
DA:25,0
DA:28,0
DA:29,0
DA:32,0
DA:33,0
DA:36,0
DA:37,0
DA:39,0
DA:40,0
DA:42,0
DA:45,0
DA:46,0
DA:48,0
DA:49,0
DA:51,0
DA:53,0
DA:54,0
DA:57,0
DA:60,0
DA:62,0
DA:64,0
DA:66,0
LF:34
LH:0
end_of_record
