TN:base
SF:/home/diogo/Documentos/codeflaws2/data/219-D/219-D-bug-6898991-6899090/219-D.c
FN:17,insert
FN:29,printlist
FN:39,dfs
FN:73,main
FNDA:0,insert
FNDA:0,printlist
FNDA:0,dfs
FNDA:0,main
FNF:4
FNH:0
DA:17,0
DA:20,0
DA:21,0
DA:24,0
DA:25,0
DA:26,0
DA:27,0
DA:29,0
DA:31,0
DA:33,0
DA:34,0
DA:36,0
DA:37,0
DA:39,0
DA:41,0
DA:43,0
DA:44,0
DA:46,0
DA:48,0
DA:50,0
DA:51,0
DA:53,0
DA:56,0
DA:57,0
DA:59,0
DA:61,0
DA:63,0
DA:64,0
DA:65,0
DA:66,0
DA:68,0
DA:70,0
DA:73,0
DA:78,0
DA:80,0
DA:81,0
DA:82,0
DA:83,0
DA:84,0
DA:87,0
DA:89,0
DA:90,0
DA:91,0
DA:93,0
DA:94,0
DA:95,0
DA:97,0
DA:98,0
DA:99,0
DA:104,0
DA:106,0
DA:107,0
DA:108,0
DA:109,0
DA:112,0
DA:114,0
DA:118,0
DA:120,0
DA:122,0
DA:123,0
DA:126,0
DA:128,0
DA:130,0
DA:133,0
LF:64
LH:0
end_of_record
