TN:base
SF:/home/diogo/Documentos/codeflaws2/data/38-B/38-B-bug-6612242-6612267/38-B.c
FN:13,main
FN:25,ingresar_posiciones
FN:35,marcar_tablero
FN:63,imprimir_tablero
FNDA:0,main
FNDA:0,ingresar_posiciones
FNDA:0,marcar_tablero
FNDA:0,imprimir_tablero
FNF:4
FNH:0
DA:13,0
DA:14,0
DA:15,0
DA:16,0
DA:17,0
DA:18,0
DA:19,0
DA:22,0
DA:23,0
DA:25,0
DA:27,0
DA:29,0
DA:30,0
DA:31,0
DA:32,0
DA:33,0
DA:34,0
DA:35,0
DA:38,0
DA:39,0
DA:40,0
DA:41,0
DA:43,0
DA:44,0
DA:45,0
DA:46,0
DA:49,0
DA:51,0
DA:52,0
DA:53,0
DA:54,0
DA:55,0
DA:56,0
DA:61,0
DA:63,0
DA:65,0
DA:66,0
DA:68,0
DA:69,0
DA:70,0
LF:40
LH:0
end_of_record
