TN:base
SF:/home/diogo/Documentos/codeflaws2/data/192-B/192-B-bug-6664096-6664101/192-B.c
FN:6,main
FN:25,march
FN:40,rain
FN:48,dim
FN:54,lectura
FNDA:0,main
FNDA:0,march
FNDA:0,rain
FNDA:0,dim
FNDA:0,lectura
FNF:5
FNH:0
DA:6,0
DA:7,0
DA:8,0
DA:9,0
DA:10,0
DA:11,0
DA:12,0
DA:14,0
DA:16,0
DA:17,0
DA:18,0
DA:19,0
DA:21,0
DA:22,0
DA:25,0
DA:27,0
DA:28,0
DA:29,0
DA:30,0
DA:34,0
DA:35,0
DA:37,0
DA:40,0
DA:42,0
DA:43,0
DA:45,0
DA:48,0
DA:50,0
DA:51,0
DA:54,0
DA:56,0
DA:57,0
DA:58,0
DA:59,0
DA:61,0
LF:35
LH:0
end_of_record
