TN:base
SF:/home/diogo/Documentos/codeflaws2/data/623-A/623-A-bug-16528902-16528911/623-A.c
FN:2,main
FNDA:0,main
FNF:1
FNH:0
DA:2,0
DA:7,0
DA:10,0
DA:11,0
DA:12,0
DA:13,0
DA:14,0
DA:15,0
DA:16,0
DA:17,0
DA:18,0
DA:20,0
DA:21,0
DA:22,0
DA:24,0
DA:25,0
DA:27,0
DA:29,0
DA:30,0
DA:32,0
DA:34,0
DA:36,0
DA:38,0
DA:41,0
DA:43,0
DA:45,0
DA:47,0
DA:49,0
DA:50,0
DA:53,0
DA:55,0
DA:57,0
DA:58,0
DA:63,0
DA:64,0
DA:68,0
DA:69,0
DA:71,0
LF:38
LH:0
end_of_record
SF:/home/diogo/Documentos/codeflaws2/data/623-A/<built-in>
LF:0
LH:0
end_of_record
