TN:base
SF:/home/diogo/Documentos/codeflaws2/data/285-D/fix/285-D.c
FN:16,main
FN:31,dfs
FN:48,precalc
FNDA:0,main
FNDA:0,dfs
FNDA:0,precalc
FNF:3
FNH:0
DA:16,0
DA:21,0
DA:22,0
DA:28,0
DA:31,0
DA:32,0
DA:33,0
DA:36,0
DA:37,0
DA:38,0
DA:39,0
DA:40,0
DA:41,0
DA:42,0
DA:43,0
DA:45,0
DA:48,0
DA:50,0
DA:53,0
DA:55,0
DA:56,0
DA:57,0
DA:61,0
DA:62,0
DA:63,0
DA:64,0
DA:65,0
DA:66,0
DA:67,0
DA:69,0
DA:70,0
DA:73,0
DA:74,0
DA:76,0
DA:77,0
DA:78,0
DA:79,0
DA:82,0
DA:83,0
DA:85,0
DA:87,0
LF:41
LH:0
end_of_record
