TN:base
SF:/home/diogo/Documentos/codeflaws2/data/55-D/fix/55-D.c
FN:10,GCD
FN:11,LCM
FN:22,solve
FN:78,main
FNDA:0,GCD
FNDA:0,LCM
FNDA:0,solve
FNDA:0,main
FNF:4
FNH:0
DA:10,0
DA:11,0
DA:22,0
DA:27,0
DA:29,0
DA:30,0
DA:32,0
DA:33,0
DA:34,0
DA:35,0
DA:36,0
DA:37,0
DA:38,0
DA:40,0
DA:41,0
DA:43,0
DA:45,0
DA:46,0
DA:48,0
DA:50,0
DA:51,0
DA:52,0
DA:55,0
DA:56,0
DA:59,0
DA:62,0
DA:63,0
DA:64,0
DA:65,0
DA:67,0
DA:68,0
DA:69,0
DA:70,0
DA:75,0
DA:78,0
DA:83,0
DA:84,0
DA:86,0
DA:87,0
DA:88,0
DA:89,0
DA:90,0
DA:93,0
LF:43
LH:0
end_of_record
