TN:base
SF:/home/diogo/Documentos/codeflaws2/data/443-B/443-B-bug-7346683-7346703/443-B.c
FN:24,int64_print
FN:47,uint64_print
FN:68,uint64_read
FN:85,int64_read
FN:103,main
FNDA:0,int64_print
FNDA:0,uint64_print
FNDA:0,uint64_read
FNDA:0,int64_read
FNDA:0,main
FNF:5
FNH:0
DA:24,0
DA:25,0
DA:26,0
DA:27,0
DA:28,0
DA:30,0
DA:31,0
DA:32,0
DA:35,0
DA:36,0
DA:37,0
DA:38,0
DA:39,0
DA:40,0
DA:42,0
DA:43,0
DA:44,0
DA:47,0
DA:48,0
DA:49,0
DA:50,0
DA:51,0
DA:54,0
DA:55,0
DA:56,0
DA:57,0
DA:58,0
DA:59,0
DA:61,0
DA:62,0
DA:63,0
DA:68,0
DA:69,0
DA:70,0
DA:71,0
DA:73,0
DA:74,0
DA:75,0
DA:76,0
DA:77,0
DA:78,0
DA:80,0
DA:81,0
DA:85,0
DA:86,0
DA:87,0
DA:88,0
DA:90,0
DA:91,0
DA:92,0
DA:93,0
DA:94,0
DA:95,0
DA:97,0
DA:98,0
DA:103,0
DA:105,0
DA:106,0
DA:107,0
DA:109,0
DA:113,0
DA:114,0
DA:115,0
DA:116,0
DA:118,0
DA:119,0
DA:123,0
DA:124,0
DA:125,0
DA:126,0
DA:127,0
DA:129,0
DA:130,0
DA:131,0
DA:133,0
DA:134,0
DA:135,0
DA:139,0
DA:144,0
DA:149,0
LF:80
LH:0
end_of_record
SF:/home/diogo/Documentos/codeflaws2/data/443-B/<built-in>
LF:0
LH:0
end_of_record
