TN:base
SF:/home/diogo/Documentos/codeflaws2/data/522-B/522-B-bug-10553360-10553443/522-B.c
FN:11,insert
FN:34,max
FN:40,main
FNDA:0,insert
FNDA:0,max
FNDA:0,main
FNF:3
FNH:0
DA:11,0
DA:13,0
DA:14,0
DA:15,0
DA:16,0
DA:17,0
DA:19,0
DA:21,0
DA:23,0
DA:24,0
DA:25,0
DA:26,0
DA:28,0
DA:29,0
DA:30,0
DA:32,0
DA:34,0
DA:36,0
DA:37,0
DA:38,0
DA:40,0
DA:43,0
DA:44,0
DA:45,0
DA:46,0
DA:47,0
DA:49,0
DA:50,0
DA:51,0
DA:52,0
DA:57,0
DA:59,0
DA:61,0
DA:62,0
DA:63,0
DA:65,0
DA:67,0
DA:69,0
DA:70,0
DA:71,0
DA:72,0
LF:41
LH:0
end_of_record
