TN:base
SF:/home/diogo/Documentos/codeflaws2/data/22-D/fix/22-D.c
FN:13,main
FN:60,sort
FN:91,minimum
FN:102,maximum
FNDA:0,main
FNDA:0,sort
FNDA:0,minimum
FNDA:0,maximum
FNF:4
FNH:0
DA:13,0
DA:14,0
DA:16,0
DA:17,0
DA:18,0
DA:19,0
DA:21,0
DA:22,0
DA:23,0
DA:24,0
DA:25,0
DA:26,0
DA:27,0
DA:28,0
DA:29,0
DA:30,0
DA:31,0
DA:33,0
DA:35,0
DA:36,0
DA:37,0
DA:38,0
DA:42,0
DA:44,0
DA:46,0
DA:48,0
DA:51,0
DA:53,0
DA:54,0
DA:56,0
DA:58,0
DA:60,0
DA:62,0
DA:65,0
DA:66,0
DA:67,0
DA:69,0
DA:70,0
DA:72,0
DA:74,0
DA:75,0
DA:76,0
DA:81,0
DA:83,0
DA:84,0
DA:85,0
DA:89,0
DA:90,0
DA:91,0
DA:93,0
DA:95,0
DA:99,0
DA:102,0
DA:104,0
DA:106,0
DA:110,0
LF:56
LH:0
end_of_record
