TN:base
SF:/home/diogo/Documentos/codeflaws2/data/337-A/337-A-bug-17999782-17999975/337-A.c
FN:4,calc_arr_diff
FN:13,QuickSort
FN:35,PrintArray
FN:42,main
FNDA:0,calc_arr_diff
FNDA:0,QuickSort
FNDA:0,PrintArray
FNDA:0,main
FNF:4
FNH:0
DA:4,0
DA:6,0
DA:7,0
DA:8,0
DA:10,0
DA:13,0
DA:15,0
DA:16,0
DA:17,0
DA:18,0
DA:19,0
DA:20,0
DA:21,0
DA:22,0
DA:23,0
DA:24,0
DA:25,0
DA:26,0
DA:28,0
DA:29,0
DA:30,0
DA:31,0
DA:32,0
DA:33,0
DA:34,0
DA:35,0
DA:37,0
DA:38,0
DA:39,0
DA:40,0
DA:42,0
DA:48,0
DA:50,0
DA:51,0
DA:52,0
DA:53,0
DA:55,0
DA:56,0
DA:57,0
DA:60,0
DA:63,0
DA:64,0
DA:66,0
DA:67,0
DA:71,0
DA:72,0
LF:46
LH:0
end_of_record
