TN:base
SF:/home/diogo/Documentos/codeflaws2/data/119-C/119-C-bug-766652-766685/119-C.c
FN:13,cmp
FN:20,main
FNDA:0,cmp
FNDA:0,main
FNF:2
FNH:0
DA:13,0
DA:15,0
DA:16,0
DA:18,0
DA:20,0
DA:23,0
DA:28,0
DA:30,0
DA:31,0
DA:33,0
DA:36,0
DA:38,0
DA:39,0
DA:40,0
DA:41,0
DA:46,0
DA:47,0
DA:48,0
DA:52,0
DA:53,0
DA:54,0
DA:55,0
DA:57,0
DA:58,0
DA:60,0
DA:61,0
DA:62,0
DA:63,0
DA:64,0
DA:68,0
DA:69,0
DA:70,0
DA:71,0
DA:72,0
DA:80,0
DA:81,0
DA:82,0
DA:83,0
DA:84,0
DA:85,0
DA:90,0
DA:91,0
DA:93,0
DA:95,0
DA:96,0
DA:98,0
DA:99,0
DA:101,0
DA:102,0
DA:105,0
DA:108,0
LF:51
LH:0
end_of_record
