TN:base
SF:/home/diogo/Documentos/codeflaws2/data/624-D/624-D-bug-15810925-15811373/624-D.c
FN:5,G
FN:12,F
FN:21,main
FNDA:0,G
FNDA:0,F
FNDA:0,main
FNF:3
FNH:0
DA:5,0
DA:8,0
DA:9,0
DA:10,0
DA:12,0
DA:15,0
DA:16,0
DA:17,0
DA:18,0
DA:21,0
DA:23,0
DA:24,0
DA:25,0
DA:26,0
DA:27,0
DA:28,0
DA:29,0
DA:31,0
DA:32,0
DA:34,0
DA:35,0
DA:37,0
DA:39,0
DA:40,0
DA:41,0
DA:42,0
DA:44,0
DA:45,0
DA:47,0
DA:48,0
DA:50,0
DA:52,0
DA:53,0
DA:55,0
DA:56,0
DA:57,0
DA:58,0
DA:59,0
DA:60,0
DA:61,0
DA:63,0
DA:64,0
LF:42
LH:0
end_of_record
