TN:base
SF:/home/diogo/Documentos/codeflaws2/data/342-E/<built-in>
LF:0
LH:0
end_of_record
SF:/home/diogo/Documentos/codeflaws2/data/342-E/fix/342-E.c
FN:12,ins
FN:19,dfs1
FN:28,dfs2
FN:39,dfs3
FN:47,brek
FN:60,lca
FN:79,dist
FN:83,upd
FN:92,query
FN:102,main
FNDA:0,ins
FNDA:0,dfs1
FNDA:0,dfs2
FNDA:0,dfs3
FNDA:0,brek
FNDA:0,lca
FNDA:0,dist
FNDA:0,upd
FNDA:0,query
FNDA:0,main
FNF:10
FNH:0
DA:12,0
DA:14,0
DA:15,0
DA:16,0
DA:17,0
DA:18,0
DA:19,0
DA:22,0
DA:23,0
DA:24,0
DA:25,0
DA:26,0
DA:27,0
DA:28,0
DA:31,0
DA:32,0
DA:33,0
DA:34,0
DA:35,0
DA:36,0
DA:38,0
DA:39,0
DA:42,0
DA:43,0
DA:44,0
DA:45,0
DA:47,0
DA:49,0
DA:50,0
DA:51,0
DA:52,0
DA:53,0
DA:54,0
DA:56,0
DA:57,0
DA:58,0
DA:59,0
DA:60,0
DA:62,0
DA:63,0
DA:64,0
DA:65,0
DA:67,0
DA:68,0
DA:69,0
DA:70,0
DA:71,0
DA:72,0
DA:73,0
DA:74,0
DA:75,0
DA:77,0
DA:79,0
DA:81,0
DA:83,0
DA:85,0
DA:86,0
DA:87,0
DA:88,0
DA:90,0
DA:91,0
DA:92,0
DA:94,0
DA:95,0
DA:96,0
DA:97,0
DA:99,0
DA:100,0
DA:102,0
DA:105,0
DA:106,0
DA:107,0
DA:108,0
DA:109,0
DA:111,0
DA:112,0
DA:113,0
DA:114,0
DA:115,0
DA:116,0
DA:117,0
DA:118,0
DA:119,0
DA:120,0
DA:121,0
DA:122,0
LF:86
LH:0
end_of_record
